Log file open, 08/11/17 17:27:13
LogInit:Display: Running engine for game: tcp_listener
LogPlatformFile: Not using cached read wrapper
LogInit:Display: RandInit(1043797592) SRandInit(1043797592).
LogTaskGraph: Started task graph with 5 named threads and 8 total threads with 1 sets of task threads.
LogStats: Stats thread started at 0.088455
LogInit: Using libcurl 7.47.1
LogInit:  - built for x86_64-pc-win32
LogInit:  - supports SSL with OpenSSL/1.0.2g
LogInit:  - supports HTTP deflate (compression) using libz 1.2.8
LogInit:  - other features:
LogInit:      CURL_VERSION_SSL
LogInit:      CURL_VERSION_LIBZ
LogInit:      CURL_VERSION_IPV6
LogInit:      CURL_VERSION_ASYNCHDNS
LogInit:      CURL_VERSION_LARGEFILE
LogInit:      CURL_VERSION_IDN
LogInit:  CurlRequestOptions (configurable via config and command line):
LogInit:  - bVerifyPeer = false  - Libcurl will NOT verify peer certificate
LogInit:  - bUseHttpProxy = false  - Libcurl will NOT use HTTP proxy
LogInit:  - bDontReuseConnections = false  - Libcurl will reuse connections
LogInit:  - CertBundlePath = nullptr  - Libcurl will use whatever was configured at build time.
LogInit: Build: ++UE4+Release-4.16-CL-3561208
LogInit: Engine Version: 4.16.3-3561208+++UE4+Release-4.16
LogInit: Compatible Engine Version: 4.16.0-3452394+++UE4+Release-4.16
LogInit: Net CL: 3452394
LogDevObjectVersion: Number of dev versions registered: 16
LogDevObjectVersion:   Dev-Blueprints (B0D832E4-1F89-4F0D-ACCF-7EB736FD4AA2): 9
LogDevObjectVersion:   Dev-Build (E1C64328-A22C-4D53-A36C-8E866417BD8C): 0
LogDevObjectVersion:   Dev-Core (375EC13C-06E4-48FB-B500-84F0262A717E): 2
LogDevObjectVersion:   Dev-Editor (E4B068ED-F494-42E9-A231-DA0B2E46BB41): 17
LogDevObjectVersion:   Dev-Framework (CFFC743F-43B0-4480-9391-14DF171D2073): 23
LogDevObjectVersion:   Dev-Mobile (B02B49B5-BB20-44E9-A304-32B752E40360): 0
LogDevObjectVersion:   Dev-Networking (A4E4105C-59A1-49B5-A7C5-40C4547EDFEE): 0
LogDevObjectVersion:   Dev-Online (39C831C9-5AE6-47DC-9A44-9C173E1C8E7C): 0
LogDevObjectVersion:   Dev-Physics (78F01B33-EBEA-4F98-B9B4-84EACCB95AA2): 0
LogDevObjectVersion:   Dev-Platform (6631380F-2D4D-43E0-8009-CF276956A95A): 0
LogDevObjectVersion:   Dev-Rendering (12F88B9F-8875-4AFC-A67C-D90C383ABD29): 15
LogDevObjectVersion:   Dev-Sequencer (7B5AE74C-D270-4C10-A958-57980B212A5A): 4
LogDevObjectVersion:   Dev-VR (D7296918-1DD6-4BDD-9DE2-64A83CC13884): 0
LogDevObjectVersion:   Dev-LoadTimes (C2A15278-BFE7-4AFE-6C17-90FF531DF755): 1
LogDevObjectVersion:   Private-Geometry (6EACA3D4-40EC-4CC1-B786-8BED09428FC5): 1
LogDevObjectVersion:   Dev-AnimPhys (29E575DD-E0A3-4627-9D10-D276232CDCEA): 3
LogInit: Compiled (64-bit): Jul 28 2017 11:49:47
LogInit: Compiled with Visual C++: 19.00.24215.01
LogInit: Build Configuration: Development
LogInit: Branch Name: ++UE4+Release-4.16
LogInit: Command line:  
LogInit: Base directory: G:/Unreal Engine/UE_4.16/Engine/Binaries/Win64/
LogInit: Installed Engine Build: 1
LogInit: Presizing for max 8388607 objects, including 0 objects not considered by GC, pre-allocating 0 bytes for permanent pool.
LogInit: Object subsystem initialized
[2017.08.11-15.27.13:785][  0]LogInit: Selected Device Profile: [Windows]
[2017.08.11-15.27.13:785][  0]LogInit: Applying CVar settings loaded from the selected device profile: [Windows]
[2017.08.11-15.27.13:821][  0]LogInit: Computer: DESKTOP-C23HKA0
[2017.08.11-15.27.13:821][  0]LogInit: User: CorrM
[2017.08.11-15.27.13:821][  0]LogInit: CPU Page size=4096, Cores=4
[2017.08.11-15.27.13:821][  0]LogInit: High frequency timer resolution =3.507508 MHz
[2017.08.11-15.27.13:821][  0]LogMemory: Memory total: Physical=7.9GB (8GB approx)
[2017.08.11-15.27.13:821][  0]LogMemory: Platform Memory Stats for Windows
[2017.08.11-15.27.13:821][  0]LogMemory: Process Physical Memory: 273.46 MB used, 273.46 MB peak
[2017.08.11-15.27.13:821][  0]LogMemory: Process Virtual Memory: 260.95 MB used, 260.95 MB peak
[2017.08.11-15.27.13:821][  0]LogMemory: Physical Memory: 4113.52 MB used,  3956.93 MB free, 8070.45 MB total
[2017.08.11-15.27.13:821][  0]LogMemory: Virtual Memory: 638.49 MB used,  3956.93 MB free, 134217728.00 MB total
[2017.08.11-15.27.13:873][  0]LogInit: Using OS detected language (en-US).
[2017.08.11-15.27.13:873][  0]LogInit: Using OS detected locale (en-US).
[2017.08.11-15.27.13:908][  0]LogTextLocalizationManager: No specific localization for 'en-US' exists, so the 'en' localization will be used.
[2017.08.11-15.27.15:657][  0]LogD3D11RHI: D3D11 adapters:
[2017.08.11-15.27.16:216][  0]LogD3D11RHI:    0. 'NVIDIA GeForce GTX 960' (Feature Level 11_0)
[2017.08.11-15.27.16:216][  0]LogD3D11RHI:       2016/0/4035 MB DedicatedVideo/DedicatedSystem/SharedSystem, Outputs:1, VendorId:0x10de
[2017.08.11-15.27.16:221][  0]LogD3D11RHI:    1. 'Intel(R) HD Graphics 4600' (Feature Level 11_0)
[2017.08.11-15.27.16:221][  0]LogD3D11RHI:       112/0/2048 MB DedicatedVideo/DedicatedSystem/SharedSystem, Outputs:1, VendorId:0x8086
[2017.08.11-15.27.16:224][  0]LogD3D11RHI:    2. 'Microsoft Basic Render Driver' (Feature Level 11_0)
[2017.08.11-15.27.16:224][  0]LogD3D11RHI:       0/0/4035 MB DedicatedVideo/DedicatedSystem/SharedSystem, Outputs:0, VendorId:0x1414
[2017.08.11-15.27.16:224][  0]LogD3D11RHI: Chosen D3D11 Adapter: 0
[2017.08.11-15.27.16:229][  0]LogD3D11RHI: Creating new Direct3DDevice
[2017.08.11-15.27.16:229][  0]LogD3D11RHI:     GPU DeviceId: 0x1401 (for the marketing name, search the web for "GPU Device Id")
[2017.08.11-15.27.16:229][  0]LogWindows: EnumDisplayDevices:
[2017.08.11-15.27.16:229][  0]LogWindows:    0. 'NVIDIA GeForce GTX 960' (P:1 D:1)
[2017.08.11-15.27.16:230][  0]LogWindows:    1. 'NVIDIA GeForce GTX 960' (P:0 D:0)
[2017.08.11-15.27.16:230][  0]LogWindows:    2. 'NVIDIA GeForce GTX 960' (P:0 D:0)
[2017.08.11-15.27.16:230][  0]LogWindows:    3. 'NVIDIA GeForce GTX 960' (P:0 D:0)
[2017.08.11-15.27.16:230][  0]LogWindows:    4. 'Intel(R) HD Graphics 4600' (P:0 D:1)
[2017.08.11-15.27.16:230][  0]LogWindows:    5. 'Intel(R) HD Graphics 4600' (P:0 D:0)
[2017.08.11-15.27.16:230][  0]LogWindows:    6. 'Intel(R) HD Graphics 4600' (P:0 D:0)
[2017.08.11-15.27.16:231][  0]LogWindows: DebugString: PrimaryIsNotTheChoosenAdapter PrimaryIsNotTheChoosenAdapter PrimaryIsNotTheChoosenAdapter FoundDriverCount:4 
[2017.08.11-15.27.16:231][  0]LogD3D11RHI:     Adapter Name: NVIDIA GeForce GTX 960
[2017.08.11-15.27.16:231][  0]LogD3D11RHI:   Driver Version: 382.53 (internal:22.21.13.8253, unified:382.53)
[2017.08.11-15.27.16:231][  0]LogD3D11RHI:      Driver Date: 6-7-2017
[2017.08.11-15.27.16:231][  0]LogRHI: Texture pool is 1361 MB (70% of 1945 MB)
[2017.08.11-15.27.16:777][  0]LogD3D11RHI: Async texture creation enabled
[2017.08.11-15.27.16:899][  0]LogD3D11RHI: GPU Timing Frequency: 1000.000000 (Debug: 2 1)
[2017.08.11-15.27.16:946][  0]LogShaderCompilers: Guid format shader working directory is -8 characters bigger than the processId version (C:/Users/CorrM/Documents/Unreal Projects/tcp_listener/Intermediate/Shaders/WorkingDirectory/14728/).
[2017.08.11-15.27.16:946][  0]LogShaderCompilers: Cleaned the shader compiler working directory 'C:/Users/CorrM/AppData/Local/Temp/UnrealShaderWorkingDir/5F3EFA05473022BBE454EC8A857DDBCC/'.
[2017.08.11-15.27.16:946][  0]LogShaderCompilers:Display: Using Local Shader Compiler.
[2017.08.11-15.27.18:337][  0]LogTemp:Display: Loaded TP AllDesktopTargetPlatform
[2017.08.11-15.27.18:378][  0]LogTemp:Display: Loaded TP MacClientTargetPlatform
[2017.08.11-15.27.18:423][  0]LogTemp:Display: Loaded TP MacNoEditorTargetPlatform
[2017.08.11-15.27.18:462][  0]LogTemp:Display: Loaded TP MacServerTargetPlatform
[2017.08.11-15.27.18:512][  0]LogTemp:Display: Loaded TP MacTargetPlatform
[2017.08.11-15.27.18:548][  0]LogTemp:Display: Loaded TP WindowsClientTargetPlatform
[2017.08.11-15.27.18:585][  0]LogTemp:Display: Loaded TP WindowsNoEditorTargetPlatform
[2017.08.11-15.27.18:622][  0]LogTemp:Display: Loaded TP WindowsServerTargetPlatform
[2017.08.11-15.27.18:654][  0]LogTemp:Display: Loaded TP WindowsTargetPlatform
[2017.08.11-15.27.18:698][  0]LogTemp:Display: Loaded TP AndroidTargetPlatform
[2017.08.11-15.27.18:733][  0]LogTemp:Display: Loaded TP Android_ASTCTargetPlatform
[2017.08.11-15.27.18:788][  0]LogTemp:Display: Loaded TP Android_ATCTargetPlatform
[2017.08.11-15.27.18:838][  0]LogTemp:Display: Loaded TP Android_DXTTargetPlatform
[2017.08.11-15.27.18:874][  0]LogTemp:Display: Loaded TP Android_ETC1TargetPlatform
[2017.08.11-15.27.18:912][  0]LogTemp:Display: Loaded TP Android_ETC2TargetPlatform
[2017.08.11-15.27.18:982][  0]LogTemp:Display: Loaded TP Android_MultiTargetPlatform
[2017.08.11-15.27.18:982][  0]LogTemp:Display: Loaded TP Android_PVRTCTargetPlatform
[2017.08.11-15.27.19:007][  0]LogTemp:Display: Loaded TP HTML5TargetPlatform
[2017.08.11-15.27.19:078][  0]LogTemp:Display: Loaded TP IOSTargetPlatform
[2017.08.11-15.27.19:098][  0]LogTemp:Display: Loaded TP TVOSTargetPlatform
[2017.08.11-15.27.19:136][  0]LogTemp:Display: Loaded TP LinuxClientTargetPlatform
[2017.08.11-15.27.19:172][  0]LogTemp:Display: Loaded TP LinuxNoEditorTargetPlatform
[2017.08.11-15.27.19:208][  0]LogTemp:Display: Loaded TP LinuxServerTargetPlatform
[2017.08.11-15.27.19:244][  0]LogTemp:Display: Loaded TP LinuxTargetPlatform
[2017.08.11-15.27.19:244][  0]LogTargetPlatformManager:Display: Building Assets For Windows
[2017.08.11-15.27.19:581][  0]LogDerivedDataCache:Display: Max Cache Size: 512 MB
[2017.08.11-15.27.20:810][  0]LogDerivedDataCache: Loaded boot cache 1.23s 90MB C:/Users/CorrM/AppData/Local/UnrealEngine/4.16/DerivedDataCache/Boot.ddc.
[2017.08.11-15.27.20:811][  0]LogDerivedDataCache:Display: Loaded Boot cache: C:/Users/CorrM/AppData/Local/UnrealEngine/4.16/DerivedDataCache/Boot.ddc
[2017.08.11-15.27.20:811][  0]LogDerivedDataCache: FDerivedDataBackendGraph:  Pak pak cache file C:/Users/CorrM/Documents/Unreal Projects/tcp_listener/DerivedDataCache/DDC.ddp not found, will not use a pak cache.
[2017.08.11-15.27.20:811][  0]LogDerivedDataCache: Unable to find inner node Pak for hierarchical cache Hierarchy.
[2017.08.11-15.27.20:811][  0]LogDerivedDataCache: FDerivedDataBackendGraph:  CompressedPak pak cache file C:/Users/CorrM/Documents/Unreal Projects/tcp_listener/DerivedDataCache/Compressed.ddp not found, will not use a pak cache.
[2017.08.11-15.27.20:811][  0]LogDerivedDataCache: Unable to find inner node CompressedPak for hierarchical cache Hierarchy.
[2017.08.11-15.27.20:853][  0]LogDerivedDataCache:Display: Pak cache opened for reading ../../../Engine/DerivedDataCache/Compressed.ddp.
[2017.08.11-15.27.20:867][  0]LogDerivedDataCache: Using Local data cache path C:/Users/CorrM/AppData/Local/UnrealEngine/Common/DerivedDataCache: Writable
[2017.08.11-15.27.20:877][  0]LogMaterial: Verifying Global Shaders for PCD3D_SM5
[2017.08.11-15.27.20:877][  0]LogSlate: Using Freetype 2.6.0
[2017.08.11-15.27.20:892][  0]LogSlate: SlateFontCache - WITH_FREETYPE: 1, WITH_HARFBUZZ: 1
[2017.08.11-15.27.20:892][  0]LogSlate: SlateFontCache - WITH_FREETYPE: 1, WITH_HARFBUZZ: 1
[2017.08.11-15.27.22:344][  0]LogInit: Selected Device Profile: [Windows]
[2017.08.11-15.27.22:422][  0]LogContentStreaming: Texture pool size is 0.00 MB
[2017.08.11-15.27.22:606][  0]LogMeshUtilities: Using QuadricMeshReduction for automatic static mesh reduction
[2017.08.11-15.27.22:636][  0]LogSimplygon: Simplygon DLL not present - disabling.
[2017.08.11-15.27.22:675][  0]LogMeshUtilities: Using SimplygonSwarm for distributed automatic mesh merging
[2017.08.11-15.27.22:675][  0]LogMeshUtilities: No automatic skeletal mesh reduction module available
[2017.08.11-15.27.22:675][  0]LogMeshUtilities: No automatic mesh merging module available
[2017.08.11-15.27.23:225][  0]LogNetVersion: tcp_listener , NetCL: 3452394, EngineNetVer: 2, GameNetVer: 0 (Checksum: 1989637335)
[2017.08.11-15.27.23:278][  0]LogAssetRegistry: FAssetRegistry took 0.0249 seconds to start up
[2017.08.11-15.27.23:373][  0]LogPackageLocalizationCache: Processed 5 localized package path(s) for 2 prioritized culture(s) in 0.082758 seconds
[2017.08.11-15.27.23:378][  0]LogUObjectArray: 34194 objects as part of root set at end of initial load.
[2017.08.11-15.27.23:378][  0]LogUObjectAllocator: 7260424 out of 0 bytes used by permanent object pool.
[2017.08.11-15.27.23:378][  0]LogUObjectArray: CloseDisregardForGC: 0/0 objects in disregard for GC pool
[2017.08.11-15.27.23:418][  0]LogInit: WinSock: version 1.1 (2.2), MaxSocks=32767, MaxUdp=65467
[2017.08.11-15.27.28:645][  0]LogTcpMessaging: Initializing TcpMessaging bridge
[2017.08.11-15.27.28:678][  0]LogUdpMessaging: Initializing bridge on interface 0.0.0.0:0 to multicast group 230.0.0.1:6666.
[2017.08.11-15.27.29:137][  0]LogMaterial: Uniform references updated for custom material expression Custom.
[2017.08.11-15.27.29:464][  0]SourceControl: Info Source control is disabled
[2017.08.11-15.27.29:465][  0]SourceControl: Info Source control is disabled
[2017.08.11-15.27.29:504][  0]SourceControl: Info Source control is disabled
[2017.08.11-15.27.29:542][  0]SourceControl: Info Source control is disabled
[2017.08.11-15.27.30:107][  0]LogAndroidPermission: UAndroidPermissionCallbackProxy::GetInstance
[2017.08.11-15.27.30:550][  0]LogEngine: Initializing Engine...
[2017.08.11-15.27.30:550][  0]LogHMD: Failed to initialize OpenVR with code 110
[2017.08.11-15.27.30:732][  0]LogStats: UGameplayTagsManager::ConstructGameplayTagTree: Construct from data asset -  0.000 s
[2017.08.11-15.27.30:732][  0]LogStats: UGameplayTagsManager::ConstructGameplayTagTree: GameplayTagTreeChangedEvent.Broadcast -  0.000 s
[2017.08.11-15.27.30:829][  0]LogAIModule: Creating AISystem for world Untitled
[2017.08.11-15.27.30:839][  0]LogInit: XAudio2 using 'Speakers (Realtek High Definition Audio)' : 2 channels at 48 kHz using 32 bits per sample (channel mask 0x3)
[2017.08.11-15.27.30:857][  0]LogInit: FAudioDevice initialized.
[2017.08.11-15.27.30:929][  0]LogDerivedDataCache: Saved boot cache 0.07s 90MB C:/Users/CorrM/AppData/Local/UnrealEngine/4.16/DerivedDataCache/Boot.ddc.
[2017.08.11-15.27.30:936][  0]LogInit: Texture streaming: Enabled
[2017.08.11-15.27.30:999][  0]LogEngineSessionManager: EngineSessionManager initialized
[2017.08.11-15.27.31:200][  0]LogInit: Transaction tracking system initialized
[2017.08.11-15.27.31:454][  0]BlueprintLog: New page: Editor Load
[2017.08.11-15.27.32:160][  0]LocalizationService: Info Localization service is disabled
[2017.08.11-15.27.32:746][  0]LogConsoleResponse:Display: 
[2017.08.11-15.27.33:010][  0]LogCook:Display: Max memory allowance for cook 16384mb min free memory 0mb
[2017.08.11-15.27.33:010][  0]LogCook:Display: Mobile HDR setting 1
[2017.08.11-15.27.33:932][  0]LogFileCache: Scanning file cache for directory 'C:/Users/CorrM/Documents/Unreal Projects/tcp_listener/Content/' took 0.01s
[2017.08.11-15.27.33:963][  0]SourceControl: Info Source control is disabled
[2017.08.11-15.27.33:963][  0]Cmd: MAP LOAD FILE="C:/Users/CorrM/Documents/Unreal Projects/tcp_listener/Content/Untitled.umap" TEMPLATE=0 SHOWPROGRESS=1 FEATURELEVEL=3
[2017.08.11-15.27.33:964][  0]LightingResults: New page: Lighting Build
[2017.08.11-15.27.33:992][  0]MapCheck: New page: Map Check
[2017.08.11-15.27.33:992][  0]LightingResults: New page: Lighting Build
[2017.08.11-15.27.34:471][  0]LogAIModule: Creating AISystem for world Untitled
[2017.08.11-15.27.34:476][  0]LogEditorServer: Finished looking for orphan Actors (0.000 secs)
[2017.08.11-15.27.34:494][  0]Cmd: MAP CHECKDEP NOCLEARLOG
[2017.08.11-15.27.34:522][  0]MapCheck: Info Map check complete: 0 Error(s), 0 Warning(s), took 28.174ms to complete.
[2017.08.11-15.27.34:522][  0]LogFileHelpers: Loading map 'Untitled' took 0.559
[2017.08.11-15.27.34:722][  0]LogCollectionManager: Loaded 0 collections in 0.000837 seconds
[2017.08.11-15.27.34:793][  0]LogFileCache: Scanning file cache for directory 'C:/Users/CorrM/Documents/Unreal Projects/tcp_listener/Saved/Collections/' took 0.01s
[2017.08.11-15.27.34:793][  0]LogFileCache: Scanning file cache for directory 'C:/Users/CorrM/Documents/Unreal Projects/tcp_listener/Content/Developers/CorrM/Collections/' took 0.01s
[2017.08.11-15.27.34:793][  0]LogFileCache: Scanning file cache for directory 'C:/Users/CorrM/Documents/Unreal Projects/tcp_listener/Content/Collections/' took 0.01s
[2017.08.11-15.27.34:793][  0]LogCollectionManager: Rebuilt the GUID cache for 0 collections in 0.000001 seconds
[2017.08.11-15.27.34:802][  0]LogContentBrowser: Native class hierarchy populated in 0.0083 seconds. Added 2331 classes and 496 folders.
[2017.08.11-15.27.34:845][  0]LogContentBrowser: Native class hierarchy updated for 'WidgetCarousel' in 0.0005 seconds. Added 0 classes and 0 folders.
[2017.08.11-15.27.36:028][  0]LogContentBrowser: Native class hierarchy updated for 'AddContentDialog' in 0.0006 seconds. Added 0 classes and 0 folders.
[2017.08.11-15.27.36:063][  0]LogCrashTracker: Crashtracker disabled due to settings.
[2017.08.11-15.27.36:070][  0]LogSlate: Took 0.000337 seconds to synchronously load lazily loaded font '../../../Engine/Content/Slate/Fonts/Roboto-Regular.ttf' (155K)
[2017.08.11-15.27.36:097][  0]LogSlate: Took 0.024933 seconds to synchronously load lazily loaded font '../../../Engine/Content/Slate/Fonts/Roboto-Bold.ttf' (160K)
[2017.08.11-15.27.36:113][  0]LogSlate: Took 0.011145 seconds to synchronously load lazily loaded font '../../../Engine/Content/Editor/Slate/Fonts/FontAwesome.ttf' (139K)
[2017.08.11-15.27.36:122][  0]LogSlate: Took 0.008142 seconds to synchronously load lazily loaded font '../../../Engine/Content/Editor/Slate/Fonts/DroidSansMono.ttf' (77K)
[2017.08.11-15.27.36:229][  0]LogRenderer: Reallocating scene render targets to support 972x508 NumSamples 1 (Frame:1).
[2017.08.11-15.27.36:330][  0]LogUObjectGlobals:Warning: Failed to find object 'Class None.'
[2017.08.11-15.27.36:382][  0]LogContentBrowser: Native class hierarchy updated for 'HierarchicalLODOutliner' in 0.0007 seconds. Added 1 classes and 2 folders.
[2017.08.11-15.27.36:382][  0]LogLoad: (Engine Initialization) Total time: 24.68 seconds
[2017.08.11-15.27.36:383][  0]LogLoad: (Engine Initialization) Total Blueprint compile time: 0.11 seconds
[2017.08.11-15.27.36:383][  0]LogExternalProfiler: Found external profiler: VSPerf
[2017.08.11-15.27.36:383][  0]LogExternalProfiler: Using external profiler: VSPerf
[2017.08.11-15.27.36:724][  0]LogOcInput: OculusInput pre-init called
[2017.08.11-15.27.36:724][  0]LogHMD: Starting GearVRController plugin
[2017.08.11-15.27.36:746][  0]LogContentStreaming: Texture pool size now 1000 MB
[2017.08.11-15.27.37:072][  1]LogAssetRegistry: Asset discovery search completed in 13.8164 seconds
[2017.08.11-15.27.37:077][  1]LogCollectionManager: Rebuilt the object cache for 0 collections in 0.000001 seconds (found 0 objects)
[2017.08.11-15.27.37:077][  1]LogCollectionManager: Fixed up redirectors for 0 collections in 0.000351 seconds (updated 0 objects)
[2017.08.11-15.27.37:729][  3]LogSlate: Took 0.000551 seconds to synchronously load lazily loaded font '../../../Engine/Content/Slate/Fonts/Roboto-Light.ttf' (159K)
[2017.08.11-15.28.33:243][447]LogSlate: Took 0.000130 seconds to synchronously load lazily loaded font '../../../Engine/Content/Slate/Fonts/Roboto-Light.ttf' (159K)
[2017.08.11-15.28.33:619][447]LogContentBrowser: Native class hierarchy updated for 'BlueprintGraph' in 0.0008 seconds. Added 112 classes and 0 folders.
[2017.08.11-15.28.34:154][447]LogSlate: Took 0.000137 seconds to synchronously load lazily loaded font '../../../Engine/Content/Editor/Slate/Fonts/Roboto-BoldCondensed.ttf' (158K)
[2017.08.11-15.28.34:243][448]LogSlate: Took 0.000164 seconds to synchronously load lazily loaded font '../../../Engine/Content/Editor/Slate/Fonts/Roboto-Italic.ttf' (157K)
[2017.08.11-15.28.42:665][598]LogWindowsTextInputMethodSystem:Display: IME system now deactivated.
[2017.08.11-15.28.42:665][598]LogWindowsTextInputMethodSystem:Display: IME system now deactivated.
[2017.08.11-15.29.22:618][664]BlueprintLog: New page: Compile Untitled
[2017.08.11-15.29.38:447][507]Cmd: OBJ SAVEPACKAGE PACKAGE="/Game/Untitled" FILE="C:/Users/CorrM/Documents/Unreal Projects/tcp_listener/Content/Untitled.umap" SILENT=true AUTOSAVING=false KEEPDIRTY=false
[2017.08.11-15.29.38:761][507]LogSavePackage: Save=263.65ms
[2017.08.11-15.29.38:761][507]LogSavePackage: Moving 'C:/Users/CorrM/Documents/Unreal Projects/tcp_listener/Saved/Untitled1CE55F2645E9E3898F3F85A7EAE84D89.tmp' to 'C:/Users/CorrM/Documents/Unreal Projects/tcp_listener/Content/Untitled.umap'
[2017.08.11-15.29.38:767][507]LogSavePackage:Display: Finished SavePackage C:/Users/CorrM/Documents/Unreal Projects/tcp_listener/Content/Untitled.umap
[2017.08.11-15.29.39:561][599]LogTemp: Repeting last play command: Selected Viewport
[2017.08.11-15.29.39:698][599]LogBlueprintUserMessages: Early PlayInEditor Detection: Level '/Game/Untitled.Untitled:PersistentLevel' has LevelScriptBlueprint '/Game/Untitled.Untitled:PersistentLevel.Untitled' with GeneratedClass '/Game/Untitled.Untitled_C' with ClassGeneratedBy '/Game/Untitled.Untitled:PersistentLevel.Untitled'
[2017.08.11-15.29.39:699][599]LogPlayLevel: PlayLevel: No blueprints needed recompiling
[2017.08.11-15.29.39:699][599]PIE: New page: PIE session: Untitled (Aug 11, 2017, 7:29:39 PM)
[2017.08.11-15.29.39:699][599]LogPlayLevel: Creating play world package: /Game/UEDPIE_0_Untitled
[2017.08.11-15.29.39:702][599]LogPlayLevel: PIE: StaticDuplicateObject took: (0.002779s)
[2017.08.11-15.29.39:703][599]LogAIModule: Creating AISystem for world Untitled
[2017.08.11-15.29.39:703][599]LogPlayLevel: PIE: World Init took: (0.000954s)
[2017.08.11-15.29.39:703][599]LogPlayLevel: PIE: Created PIE world by copying editor world from /Game/Untitled.Untitled to /Game/UEDPIE_0_Untitled.Untitled (0.004165s)
[2017.08.11-15.29.39:730][599]LogInit: XAudio2 using 'Speakers (Realtek High Definition Audio)' : 2 channels at 48 kHz using 32 bits per sample (channel mask 0x3)
[2017.08.11-15.29.39:743][599]LogInit: FAudioDevice initialized.
[2017.08.11-15.29.39:787][599]LogLoad: Game class is 'GameModeBase'
[2017.08.11-15.29.39:790][599]LogWorld: Bringing World /Game/UEDPIE_0_Untitled.Untitled up for play (max tick rate 0) at 2017.08.11-17.29.39
[2017.08.11-15.29.39:791][599]LogWorld: Bringing up level for play took: 0.001450
[2017.08.11-15.29.39:829][599]LogContentBrowser: Native class hierarchy updated for 'MovieSceneCapture' in 0.0010 seconds. Added 11 classes and 0 folders.
[2017.08.11-15.29.39:842][599]LogTemp: TCP server listening at: 0.0.0.0:8188
[2017.08.11-15.29.39:842][599]LogBlueprintUserMessages: [Untitled_C_1] You Can Connect Now
[2017.08.11-15.29.39:842][599]PIE: Info Play in editor start time for /Game/UEDPIE_0_Untitled -0.756
[2017.08.11-15.29.39:842][599]LogBlueprintUserMessages: Late PlayInEditor Detection: Level '/Game/Untitled.Untitled:PersistentLevel' has LevelScriptBlueprint '/Game/Untitled.Untitled:PersistentLevel.Untitled' with GeneratedClass '/Game/Untitled.Untitled_C' with ClassGeneratedBy '/Game/Untitled.Untitled:PersistentLevel.Untitled'
[2017.08.11-15.29.43:931][812]LogTemp: Accept New Connect: 127.0.0.1:30473
[2017.08.11-15.29.43:931][812]LogBlueprintUserMessages: [Untitled_C_1] Connected: 127.0.0.1
[2017.08.11-15.29.45:266][815]LogBlueprintUserMessages: [Untitled_C_1] Recv From: 127.0.0.1, 8188
[2017.08.11-15.29.48:990][ 68]LogBlueprintUserMessages: Early EndPlayMap Detection: Level '/Game/Untitled.Untitled:PersistentLevel' has LevelScriptBlueprint '/Game/Untitled.Untitled:PersistentLevel.Untitled' with GeneratedClass '/Game/Untitled.Untitled_C' with ClassGeneratedBy '/Game/Untitled.Untitled:PersistentLevel.Untitled'
[2017.08.11-15.29.49:027][ 68]LogBlueprintUserMessages: Late EndPlayMap Detection: Level '/Game/Untitled.Untitled:PersistentLevel' has LevelScriptBlueprint '/Game/Untitled.Untitled:PersistentLevel.Untitled' with GeneratedClass '/Game/Untitled.Untitled_C' with ClassGeneratedBy '/Game/Untitled.Untitled:PersistentLevel.Untitled'
[2017.08.11-15.29.51:231][325]LogTemp: Repeting last play command: Selected Viewport
[2017.08.11-15.29.51:242][325]LogBlueprintUserMessages: Early PlayInEditor Detection: Level '/Game/Untitled.Untitled:PersistentLevel' has LevelScriptBlueprint '/Game/Untitled.Untitled:PersistentLevel.Untitled' with GeneratedClass '/Game/Untitled.Untitled_C' with ClassGeneratedBy '/Game/Untitled.Untitled:PersistentLevel.Untitled'
[2017.08.11-15.29.51:242][325]LogPlayLevel: PlayLevel: No blueprints needed recompiling
[2017.08.11-15.29.51:243][325]PIE: New page: PIE session: Untitled (Aug 11, 2017, 7:29:51 PM)
[2017.08.11-15.29.51:243][325]LogPlayLevel: Creating play world package: /Game/UEDPIE_0_Untitled
[2017.08.11-15.29.51:245][325]LogPlayLevel: PIE: StaticDuplicateObject took: (0.002705s)
[2017.08.11-15.29.51:246][325]LogAIModule: Creating AISystem for world Untitled
[2017.08.11-15.29.51:247][325]LogPlayLevel: PIE: World Init took: (0.000930s)
[2017.08.11-15.29.51:247][325]LogPlayLevel: PIE: Created PIE world by copying editor world from /Game/Untitled.Untitled to /Game/UEDPIE_0_Untitled.Untitled (0.004162s)
[2017.08.11-15.29.51:266][325]LogInit: XAudio2 using 'Speakers (Realtek High Definition Audio)' : 2 channels at 48 kHz using 32 bits per sample (channel mask 0x3)
[2017.08.11-15.29.51:278][325]LogInit: FAudioDevice initialized.
[2017.08.11-15.29.51:311][325]LogLoad: Game class is 'GameModeBase'
[2017.08.11-15.29.51:313][325]LogWorld: Bringing World /Game/UEDPIE_0_Untitled.Untitled up for play (max tick rate 0) at 2017.08.11-17.29.51
[2017.08.11-15.29.51:313][325]LogWorld: Bringing up level for play took: 0.000957
[2017.08.11-15.29.51:326][325]LogTemp: TCP server listening at: 0.0.0.0:8188
[2017.08.11-15.29.51:326][325]LogBlueprintUserMessages: [Untitled_C_1] You Can Connect Now
[2017.08.11-15.29.51:326][325]PIE: Info Play in editor start time for /Game/UEDPIE_0_Untitled 0.727
[2017.08.11-15.29.51:326][325]LogBlueprintUserMessages: Late PlayInEditor Detection: Level '/Game/Untitled.Untitled:PersistentLevel' has LevelScriptBlueprint '/Game/Untitled.Untitled:PersistentLevel.Untitled' with GeneratedClass '/Game/Untitled.Untitled_C' with ClassGeneratedBy '/Game/Untitled.Untitled:PersistentLevel.Untitled'
[2017.08.11-15.29.51:348][327]LogStats:Warning: MetaData mismatch. Did you assign a stat to two groups? New //STATGROUP_Threads//FTcpListener///Thread_1b34_0///####STATCAT_Advanced#### old //STATGROUP_Threads//FTcpListener///Thread_2ba8_0///####STATCAT_Advanced####
[2017.08.11-15.29.53:788][499]LogTemp: Accept New Connect: 127.0.0.1:30480
[2017.08.11-15.29.53:788][499]LogBlueprintUserMessages: [Untitled_C_1] Connected: 127.0.0.1
[2017.08.11-15.29.54:121][500]LogStats:Warning: MetaData mismatch. Did you assign a stat to two groups? New //STATGROUP_Threads//frAQBc8Wsa1xVPf///Thread_15a4_0///####STATCAT_Advanced#### old //STATGROUP_Threads//frAQBc8Wsa1xVPf///Thread_297c_0///####STATCAT_Advanced####
[2017.08.11-15.29.54:449][500]LogBlueprintUserMessages: [Untitled_C_1] Recv From: 127.0.0.1, 8188
[2017.08.11-15.29.56:405][618]LogBlueprintUserMessages: Early EndPlayMap Detection: Level '/Game/Untitled.Untitled:PersistentLevel' has LevelScriptBlueprint '/Game/Untitled.Untitled:PersistentLevel.Untitled' with GeneratedClass '/Game/Untitled.Untitled_C' with ClassGeneratedBy '/Game/Untitled.Untitled:PersistentLevel.Untitled'
[2017.08.11-15.29.56:441][618]LogBlueprintUserMessages: Late EndPlayMap Detection: Level '/Game/Untitled.Untitled:PersistentLevel' has LevelScriptBlueprint '/Game/Untitled.Untitled:PersistentLevel.Untitled' with GeneratedClass '/Game/Untitled.Untitled_C' with ClassGeneratedBy '/Game/Untitled.Untitled:PersistentLevel.Untitled'
[2017.08.11-15.30.18:529][159]LogSlate: Took 0.000176 seconds to synchronously load lazily loaded font '../../../Engine/Content/Slate/Fonts/Roboto-Light.ttf' (159K)
