Log file open, 08/11/17 14:49:49
LogInit:Display: Running engine for game: tcp_listener
LogPlatformFile: Not using cached read wrapper
LogInit:Display: RandInit(-2014835192) SRandInit(-2014835192).
LogTaskGraph: Started task graph with 5 named threads and 8 total threads with 1 sets of task threads.
LogStats: Stats thread started at 0.083759
LogInit: Using libcurl 7.47.1
LogInit:  - built for x86_64-pc-win32
LogInit:  - supports SSL with OpenSSL/1.0.2g
LogInit:  - supports HTTP deflate (compression) using libz 1.2.8
LogInit:  - other features:
LogInit:      CURL_VERSION_SSL
LogInit:      CURL_VERSION_LIBZ
LogInit:      CURL_VERSION_IPV6
LogInit:      CURL_VERSION_ASYNCHDNS
LogInit:      CURL_VERSION_LARGEFILE
LogInit:      CURL_VERSION_IDN
LogInit:  CurlRequestOptions (configurable via config and command line):
LogInit:  - bVerifyPeer = false  - Libcurl will NOT verify peer certificate
LogInit:  - bUseHttpProxy = false  - Libcurl will NOT use HTTP proxy
LogInit:  - bDontReuseConnections = false  - Libcurl will reuse connections
LogInit:  - CertBundlePath = nullptr  - Libcurl will use whatever was configured at build time.
LogInit: Build: ++UE4+Release-4.16-CL-3561208
LogInit: Engine Version: 4.16.3-3561208+++UE4+Release-4.16
LogInit: Compatible Engine Version: 4.16.0-3452394+++UE4+Release-4.16
LogInit: Net CL: 3452394
LogDevObjectVersion: Number of dev versions registered: 16
LogDevObjectVersion:   Dev-Blueprints (B0D832E4-1F89-4F0D-ACCF-7EB736FD4AA2): 9
LogDevObjectVersion:   Dev-Build (E1C64328-A22C-4D53-A36C-8E866417BD8C): 0
LogDevObjectVersion:   Dev-Core (375EC13C-06E4-48FB-B500-84F0262A717E): 2
LogDevObjectVersion:   Dev-Editor (E4B068ED-F494-42E9-A231-DA0B2E46BB41): 17
LogDevObjectVersion:   Dev-Framework (CFFC743F-43B0-4480-9391-14DF171D2073): 23
LogDevObjectVersion:   Dev-Mobile (B02B49B5-BB20-44E9-A304-32B752E40360): 0
LogDevObjectVersion:   Dev-Networking (A4E4105C-59A1-49B5-A7C5-40C4547EDFEE): 0
LogDevObjectVersion:   Dev-Online (39C831C9-5AE6-47DC-9A44-9C173E1C8E7C): 0
LogDevObjectVersion:   Dev-Physics (78F01B33-EBEA-4F98-B9B4-84EACCB95AA2): 0
LogDevObjectVersion:   Dev-Platform (6631380F-2D4D-43E0-8009-CF276956A95A): 0
LogDevObjectVersion:   Dev-Rendering (12F88B9F-8875-4AFC-A67C-D90C383ABD29): 15
LogDevObjectVersion:   Dev-Sequencer (7B5AE74C-D270-4C10-A958-57980B212A5A): 4
LogDevObjectVersion:   Dev-VR (D7296918-1DD6-4BDD-9DE2-64A83CC13884): 0
LogDevObjectVersion:   Dev-LoadTimes (C2A15278-BFE7-4AFE-6C17-90FF531DF755): 1
LogDevObjectVersion:   Private-Geometry (6EACA3D4-40EC-4CC1-B786-8BED09428FC5): 1
LogDevObjectVersion:   Dev-AnimPhys (29E575DD-E0A3-4627-9D10-D276232CDCEA): 3
LogInit: Compiled (64-bit): Jul 28 2017 11:49:47
LogInit: Compiled with Visual C++: 19.00.24215.01
LogInit: Build Configuration: Development
LogInit: Branch Name: ++UE4+Release-4.16
LogInit: Command line: -EpicPortal 
LogInit: Base directory: G:/Unreal Engine/UE_4.16/Engine/Binaries/Win64/
LogInit: Installed Engine Build: 1
LogInit: Presizing for max 8388607 objects, including 0 objects not considered by GC, pre-allocating 0 bytes for permanent pool.
LogInit: Object subsystem initialized
[2017.08.11-12.49.49:488][  0]LogInit: Selected Device Profile: [Windows]
[2017.08.11-12.49.49:488][  0]LogInit: Applying CVar settings loaded from the selected device profile: [Windows]
[2017.08.11-12.49.49:497][  0]LogInit: Computer: DESKTOP-C23HKA0
[2017.08.11-12.49.49:497][  0]LogInit: User: CorrM
[2017.08.11-12.49.49:497][  0]LogInit: CPU Page size=4096, Cores=4
[2017.08.11-12.49.49:497][  0]LogInit: High frequency timer resolution =3.507508 MHz
[2017.08.11-12.49.49:497][  0]LogMemory: Memory total: Physical=7.9GB (8GB approx)
[2017.08.11-12.49.49:497][  0]LogMemory: Platform Memory Stats for Windows
[2017.08.11-12.49.49:497][  0]LogMemory: Process Physical Memory: 273.23 MB used, 273.23 MB peak
[2017.08.11-12.49.49:497][  0]LogMemory: Process Virtual Memory: 260.82 MB used, 260.82 MB peak
[2017.08.11-12.49.49:497][  0]LogMemory: Physical Memory: 6157.00 MB used,  1913.45 MB free, 8070.45 MB total
[2017.08.11-12.49.49:497][  0]LogMemory: Virtual Memory: 638.49 MB used,  1913.45 MB free, 134217728.00 MB total
[2017.08.11-12.49.49:548][  0]LogInit: Using OS detected language (en-US).
[2017.08.11-12.49.49:548][  0]LogInit: Using OS detected locale (en-US).
[2017.08.11-12.49.49:552][  0]LogTextLocalizationManager: No specific localization for 'en-US' exists, so the 'en' localization will be used.
[2017.08.11-12.49.50:406][  0]LogD3D11RHI: D3D11 adapters:
[2017.08.11-12.49.50:995][  0]LogD3D11RHI:    0. 'NVIDIA GeForce GTX 960' (Feature Level 11_0)
[2017.08.11-12.49.50:995][  0]LogD3D11RHI:       2016/0/4035 MB DedicatedVideo/DedicatedSystem/SharedSystem, Outputs:1, VendorId:0x10de
[2017.08.11-12.49.51:002][  0]LogD3D11RHI:    1. 'Intel(R) HD Graphics 4600' (Feature Level 11_0)
[2017.08.11-12.49.51:002][  0]LogD3D11RHI:       112/0/2048 MB DedicatedVideo/DedicatedSystem/SharedSystem, Outputs:1, VendorId:0x8086
[2017.08.11-12.49.51:003][  0]LogD3D11RHI:    2. 'Microsoft Basic Render Driver' (Feature Level 11_0)
[2017.08.11-12.49.51:003][  0]LogD3D11RHI:       0/0/4035 MB DedicatedVideo/DedicatedSystem/SharedSystem, Outputs:0, VendorId:0x1414
[2017.08.11-12.49.51:003][  0]LogD3D11RHI: Chosen D3D11 Adapter: 0
[2017.08.11-12.49.51:011][  0]LogD3D11RHI: Creating new Direct3DDevice
[2017.08.11-12.49.51:011][  0]LogD3D11RHI:     GPU DeviceId: 0x1401 (for the marketing name, search the web for "GPU Device Id")
[2017.08.11-12.49.51:011][  0]LogWindows: EnumDisplayDevices:
[2017.08.11-12.49.51:011][  0]LogWindows:    0. 'NVIDIA GeForce GTX 960' (P:1 D:1)
[2017.08.11-12.49.51:011][  0]LogWindows:    1. 'NVIDIA GeForce GTX 960' (P:0 D:0)
[2017.08.11-12.49.51:011][  0]LogWindows:    2. 'NVIDIA GeForce GTX 960' (P:0 D:0)
[2017.08.11-12.49.51:011][  0]LogWindows:    3. 'NVIDIA GeForce GTX 960' (P:0 D:0)
[2017.08.11-12.49.51:011][  0]LogWindows:    4. 'Intel(R) HD Graphics 4600' (P:0 D:1)
[2017.08.11-12.49.51:011][  0]LogWindows:    5. 'Intel(R) HD Graphics 4600' (P:0 D:0)
[2017.08.11-12.49.51:012][  0]LogWindows:    6. 'Intel(R) HD Graphics 4600' (P:0 D:0)
[2017.08.11-12.49.51:012][  0]LogWindows: DebugString: PrimaryIsNotTheChoosenAdapter PrimaryIsNotTheChoosenAdapter PrimaryIsNotTheChoosenAdapter FoundDriverCount:4 
[2017.08.11-12.49.51:012][  0]LogD3D11RHI:     Adapter Name: NVIDIA GeForce GTX 960
[2017.08.11-12.49.51:012][  0]LogD3D11RHI:   Driver Version: 382.53 (internal:22.21.13.8253, unified:382.53)
[2017.08.11-12.49.51:012][  0]LogD3D11RHI:      Driver Date: 6-7-2017
[2017.08.11-12.49.51:012][  0]LogRHI: Texture pool is 1361 MB (70% of 1945 MB)
[2017.08.11-12.49.51:566][  0]LogD3D11RHI: Async texture creation enabled
[2017.08.11-12.49.51:685][  0]LogD3D11RHI: GPU Timing Frequency: 1000.000000 (Debug: 2 1)
[2017.08.11-12.49.51:733][  0]LogShaderCompilers: Guid format shader working directory is -8 characters bigger than the processId version (C:/Users/CorrM/Documents/Unreal Projects/tcp_listener/Intermediate/Shaders/WorkingDirectory/14964/).
[2017.08.11-12.49.51:733][  0]LogShaderCompilers: Cleaned the shader compiler working directory 'C:/Users/CorrM/AppData/Local/Temp/UnrealShaderWorkingDir/086890A0436FB7C703C73BA89B6DCA9E/'.
[2017.08.11-12.49.51:733][  0]LogShaderCompilers:Display: Using Local Shader Compiler.
[2017.08.11-12.49.52:735][  0]LogTemp:Display: Loaded TP AllDesktopTargetPlatform
[2017.08.11-12.49.52:780][  0]LogTemp:Display: Loaded TP MacClientTargetPlatform
[2017.08.11-12.49.52:824][  0]LogTemp:Display: Loaded TP MacNoEditorTargetPlatform
[2017.08.11-12.49.52:862][  0]LogTemp:Display: Loaded TP MacServerTargetPlatform
[2017.08.11-12.49.52:902][  0]LogTemp:Display: Loaded TP MacTargetPlatform
[2017.08.11-12.49.52:938][  0]LogTemp:Display: Loaded TP WindowsClientTargetPlatform
[2017.08.11-12.49.52:976][  0]LogTemp:Display: Loaded TP WindowsNoEditorTargetPlatform
[2017.08.11-12.49.53:022][  0]LogTemp:Display: Loaded TP WindowsServerTargetPlatform
[2017.08.11-12.49.53:054][  0]LogTemp:Display: Loaded TP WindowsTargetPlatform
[2017.08.11-12.49.53:090][  0]LogTemp:Display: Loaded TP AndroidTargetPlatform
[2017.08.11-12.49.53:128][  0]LogTemp:Display: Loaded TP Android_ASTCTargetPlatform
[2017.08.11-12.49.53:174][  0]LogTemp:Display: Loaded TP Android_ATCTargetPlatform
[2017.08.11-12.49.53:215][  0]LogTemp:Display: Loaded TP Android_DXTTargetPlatform
[2017.08.11-12.49.53:257][  0]LogTemp:Display: Loaded TP Android_ETC1TargetPlatform
[2017.08.11-12.49.53:302][  0]LogTemp:Display: Loaded TP Android_ETC2TargetPlatform
[2017.08.11-12.49.53:383][  0]LogTemp:Display: Loaded TP Android_MultiTargetPlatform
[2017.08.11-12.49.53:383][  0]LogTemp:Display: Loaded TP Android_PVRTCTargetPlatform
[2017.08.11-12.49.53:419][  0]LogTemp:Display: Loaded TP HTML5TargetPlatform
[2017.08.11-12.49.53:497][  0]LogTemp:Display: Loaded TP IOSTargetPlatform
[2017.08.11-12.49.53:522][  0]LogTemp:Display: Loaded TP TVOSTargetPlatform
[2017.08.11-12.49.53:564][  0]LogTemp:Display: Loaded TP LinuxClientTargetPlatform
[2017.08.11-12.49.53:613][  0]LogTemp:Display: Loaded TP LinuxNoEditorTargetPlatform
[2017.08.11-12.49.53:654][  0]LogTemp:Display: Loaded TP LinuxServerTargetPlatform
[2017.08.11-12.49.53:695][  0]LogTemp:Display: Loaded TP LinuxTargetPlatform
[2017.08.11-12.49.53:695][  0]LogTargetPlatformManager:Display: Building Assets For Windows
[2017.08.11-12.49.54:100][  0]LogDerivedDataCache:Display: Max Cache Size: 512 MB
[2017.08.11-12.49.54:208][  0]LogDerivedDataCache: Loaded boot cache 0.11s 90MB C:/Users/CorrM/AppData/Local/UnrealEngine/4.16/DerivedDataCache/Boot.ddc.
[2017.08.11-12.49.54:209][  0]LogDerivedDataCache:Display: Loaded Boot cache: C:/Users/CorrM/AppData/Local/UnrealEngine/4.16/DerivedDataCache/Boot.ddc
[2017.08.11-12.49.54:209][  0]LogDerivedDataCache: FDerivedDataBackendGraph:  Pak pak cache file C:/Users/CorrM/Documents/Unreal Projects/tcp_listener/DerivedDataCache/DDC.ddp not found, will not use a pak cache.
[2017.08.11-12.49.54:209][  0]LogDerivedDataCache: Unable to find inner node Pak for hierarchical cache Hierarchy.
[2017.08.11-12.49.54:209][  0]LogDerivedDataCache: FDerivedDataBackendGraph:  CompressedPak pak cache file C:/Users/CorrM/Documents/Unreal Projects/tcp_listener/DerivedDataCache/Compressed.ddp not found, will not use a pak cache.
[2017.08.11-12.49.54:209][  0]LogDerivedDataCache: Unable to find inner node CompressedPak for hierarchical cache Hierarchy.
[2017.08.11-12.49.54:227][  0]LogDerivedDataCache:Display: Pak cache opened for reading ../../../Engine/DerivedDataCache/Compressed.ddp.
[2017.08.11-12.49.54:239][  0]LogDerivedDataCache: Using Local data cache path C:/Users/CorrM/AppData/Local/UnrealEngine/Common/DerivedDataCache: Writable
[2017.08.11-12.49.54:253][  0]LogMaterial: Verifying Global Shaders for PCD3D_SM5
[2017.08.11-12.49.54:253][  0]LogSlate: Using Freetype 2.6.0
[2017.08.11-12.49.54:254][  0]LogSlate: SlateFontCache - WITH_FREETYPE: 1, WITH_HARFBUZZ: 1
[2017.08.11-12.49.54:254][  0]LogSlate: SlateFontCache - WITH_FREETYPE: 1, WITH_HARFBUZZ: 1
[2017.08.11-12.49.54:572][  0]LogInit: Selected Device Profile: [Windows]
[2017.08.11-12.49.54:670][  0]LogContentStreaming: Texture pool size is 0.00 MB
[2017.08.11-12.49.54:815][  0]LogMeshUtilities: Using QuadricMeshReduction for automatic static mesh reduction
[2017.08.11-12.49.54:850][  0]LogSimplygon: Simplygon DLL not present - disabling.
[2017.08.11-12.49.54:887][  0]LogMeshUtilities: Using SimplygonSwarm for distributed automatic mesh merging
[2017.08.11-12.49.54:887][  0]LogMeshUtilities: No automatic skeletal mesh reduction module available
[2017.08.11-12.49.54:887][  0]LogMeshUtilities: No automatic mesh merging module available
[2017.08.11-12.49.55:387][  0]LogNetVersion: tcp_listener , NetCL: 3452394, EngineNetVer: 2, GameNetVer: 0 (Checksum: 1989637335)
[2017.08.11-12.49.55:442][  0]LogAssetRegistry: FAssetRegistry took 0.0260 seconds to start up
[2017.08.11-12.49.55:531][  0]LogPackageLocalizationCache: Processed 5 localized package path(s) for 2 prioritized culture(s) in 0.070011 seconds
[2017.08.11-12.49.55:538][  0]LogUObjectArray: 34194 objects as part of root set at end of initial load.
[2017.08.11-12.49.55:538][  0]LogUObjectAllocator: 7260424 out of 0 bytes used by permanent object pool.
[2017.08.11-12.49.55:538][  0]LogUObjectArray: CloseDisregardForGC: 0/0 objects in disregard for GC pool
[2017.08.11-12.49.55:582][  0]LogInit: WinSock: version 1.1 (2.2), MaxSocks=32767, MaxUdp=65467
[2017.08.11-12.49.57:738][  0]LogTcpMessaging: Initializing TcpMessaging bridge
[2017.08.11-12.49.57:772][  0]LogUdpMessaging: Initializing bridge on interface 0.0.0.0:0 to multicast group 230.0.0.1:6666.
[2017.08.11-12.49.58:248][  0]LogMaterial: Uniform references updated for custom material expression Custom.
[2017.08.11-12.49.58:608][  0]SourceControl: Info Source control is disabled
[2017.08.11-12.49.58:609][  0]SourceControl: Info Source control is disabled
[2017.08.11-12.49.58:652][  0]SourceControl: Info Source control is disabled
[2017.08.11-12.49.58:691][  0]SourceControl: Info Source control is disabled
[2017.08.11-12.49.59:244][  0]LogAndroidPermission: UAndroidPermissionCallbackProxy::GetInstance
[2017.08.11-12.49.59:740][  0]LogEngine: Initializing Engine...
[2017.08.11-12.49.59:741][  0]LogHMD: Failed to initialize OpenVR with code 110
[2017.08.11-12.49.59:947][  0]LogStats: UGameplayTagsManager::ConstructGameplayTagTree: Construct from data asset -  0.000 s
[2017.08.11-12.49.59:947][  0]LogStats: UGameplayTagsManager::ConstructGameplayTagTree: GameplayTagTreeChangedEvent.Broadcast -  0.000 s
[2017.08.11-12.50.00:068][  0]LogAIModule: Creating AISystem for world Untitled
[2017.08.11-12.50.00:078][  0]LogInit: XAudio2 using 'Speakers (Realtek High Definition Audio)' : 2 channels at 48 kHz using 32 bits per sample (channel mask 0x3)
[2017.08.11-12.50.00:098][  0]LogInit: FAudioDevice initialized.
[2017.08.11-12.50.00:160][  0]LogDerivedDataCache: Saved boot cache 0.06s 90MB C:/Users/CorrM/AppData/Local/UnrealEngine/4.16/DerivedDataCache/Boot.ddc.
[2017.08.11-12.50.00:174][  0]LogInit: Texture streaming: Enabled
[2017.08.11-12.50.00:257][  0]LogEngineSessionManager: EngineSessionManager initialized
[2017.08.11-12.50.00:460][  0]LogInit: Transaction tracking system initialized
[2017.08.11-12.50.00:758][  0]BlueprintLog: New page: Editor Load
[2017.08.11-12.50.01:563][  0]LocalizationService: Info Localization service is disabled
[2017.08.11-12.50.02:162][  0]LogConsoleResponse:Display: 
[2017.08.11-12.50.02:290][  0]LogCook:Display: Max memory allowance for cook 16384mb min free memory 0mb
[2017.08.11-12.50.02:290][  0]LogCook:Display: Mobile HDR setting 1
[2017.08.11-12.50.03:072][  0]LogFileCache: Scanning file cache for directory 'C:/Users/CorrM/Documents/Unreal Projects/tcp_listener/Content/' took 0.01s
[2017.08.11-12.50.03:109][  0]SourceControl: Info Source control is disabled
[2017.08.11-12.50.03:109][  0]Cmd: MAP LOAD FILE="../../../Engine/Content/Maps/Templates/Template_Default.umap" TEMPLATE=1 SHOWPROGRESS=1 FEATURELEVEL=3
[2017.08.11-12.50.03:109][  0]LightingResults: New page: Lighting Build
[2017.08.11-12.50.03:145][  0]MapCheck: New page: Map Check
[2017.08.11-12.50.03:145][  0]LightingResults: New page: Lighting Build
[2017.08.11-12.50.03:332][  0]LogAIModule: Creating AISystem for world Untitled_1
[2017.08.11-12.50.03:333][  0]LogActorComponent: RegisterComponentWithWorld: (/Temp/Untitled_1.Untitled_1:PersistentLevel.WorldSettings_1.StaticMeshComponent0) Trying to register component with IsPendingKill() == true. Aborting.
[2017.08.11-12.50.03:337][  0]LogEditorServer: Finished looking for orphan Actors (0.000 secs)
[2017.08.11-12.50.03:353][  0]Cmd: MAP CHECKDEP NOCLEARLOG
[2017.08.11-12.50.03:385][  0]MapCheck: Info Map check complete: 0 Error(s), 0 Warning(s), took 32.307ms to complete.
[2017.08.11-12.50.03:385][  0]LogFileHelpers: Loading map 'Template_Default' took 0.276
[2017.08.11-12.50.03:439][  0]LogWindowsTextInputMethodSystem:Display: IME system now deactivated.
[2017.08.11-12.50.03:532][  0]LogCollectionManager: Loaded 0 collections in 0.000817 seconds
[2017.08.11-12.50.03:614][  0]LogFileCache: Scanning file cache for directory 'C:/Users/CorrM/Documents/Unreal Projects/tcp_listener/Saved/Collections/' took 0.01s
[2017.08.11-12.50.03:614][  0]LogFileCache: Scanning file cache for directory 'C:/Users/CorrM/Documents/Unreal Projects/tcp_listener/Content/Developers/CorrM/Collections/' took 0.01s
[2017.08.11-12.50.03:614][  0]LogFileCache: Scanning file cache for directory 'C:/Users/CorrM/Documents/Unreal Projects/tcp_listener/Content/Collections/' took 0.01s
[2017.08.11-12.50.03:614][  0]LogCollectionManager: Rebuilt the GUID cache for 0 collections in 0.000001 seconds
[2017.08.11-12.50.03:623][  0]LogContentBrowser: Native class hierarchy populated in 0.0086 seconds. Added 2331 classes and 496 folders.
[2017.08.11-12.50.03:667][  0]LogContentBrowser: Native class hierarchy updated for 'WidgetCarousel' in 0.0008 seconds. Added 0 classes and 0 folders.
[2017.08.11-12.50.03:696][  0]LogContentBrowser: Native class hierarchy updated for 'AddContentDialog' in 0.0005 seconds. Added 0 classes and 0 folders.
[2017.08.11-12.50.03:725][  0]LogCrashTracker: Crashtracker disabled due to settings.
[2017.08.11-12.50.03:734][  0]LogDirectoryWatcher:Warning: Failed to begin reading directory changes for C:/Users/CorrM/Documents/Unreal Projects/tcp_listener/Plugins/. Error: The system cannot find the file specified. (0x00000002)
[2017.08.11-12.50.03:740][  0]LogSlate: Took 0.000160 seconds to synchronously load lazily loaded font '../../../Engine/Content/Slate/Fonts/Roboto-Regular.ttf' (155K)
[2017.08.11-12.50.03:743][  0]LogSlate: Took 0.000146 seconds to synchronously load lazily loaded font '../../../Engine/Content/Slate/Fonts/Roboto-Bold.ttf' (160K)
[2017.08.11-12.50.03:747][  0]LogSlate: Took 0.000141 seconds to synchronously load lazily loaded font '../../../Engine/Content/Editor/Slate/Fonts/FontAwesome.ttf' (139K)
[2017.08.11-12.50.03:748][  0]LogSlate: Took 0.000078 seconds to synchronously load lazily loaded font '../../../Engine/Content/Editor/Slate/Fonts/DroidSansMono.ttf' (77K)
[2017.08.11-12.50.03:841][  0]LogRenderer: Reallocating scene render targets to support 972x508 NumSamples 1 (Frame:1).
[2017.08.11-12.50.03:947][  0]LogUObjectGlobals:Warning: Failed to find object 'Class None.'
[2017.08.11-12.50.03:999][  0]LogContentBrowser: Native class hierarchy updated for 'HierarchicalLODOutliner' in 0.0006 seconds. Added 1 classes and 2 folders.
[2017.08.11-12.50.03:999][  0]LogLoad: (Engine Initialization) Total time: 15.87 seconds
[2017.08.11-12.50.03:999][  0]LogLoad: (Engine Initialization) Total Blueprint compile time: 0.08 seconds
[2017.08.11-12.50.03:999][  0]LogExternalProfiler: Found external profiler: VSPerf
[2017.08.11-12.50.04:000][  0]LogExternalProfiler: Using external profiler: VSPerf
[2017.08.11-12.50.04:012][  0]LogOcInput: OculusInput pre-init called
[2017.08.11-12.50.04:012][  0]LogHMD: Starting GearVRController plugin
[2017.08.11-12.50.04:025][  0]LogAssetRegistry: Asset discovery search completed in 8.6048 seconds
[2017.08.11-12.50.04:026][  0]LogCollectionManager: Rebuilt the object cache for 0 collections in 0.000001 seconds (found 0 objects)
[2017.08.11-12.50.04:026][  0]LogCollectionManager: Fixed up redirectors for 0 collections in 0.000106 seconds (updated 0 objects)
[2017.08.11-12.50.04:029][  0]LogContentStreaming: Texture pool size now 1000 MB
[2017.08.11-12.50.13:019][ 65]LogDirectoryWatcher: A directory notification for '../../../Engine/Plugins/' was aborted.
[2017.08.11-12.51.07:497][955]LogSlate: Took 0.000122 seconds to synchronously load lazily loaded font '../../../Engine/Content/Slate/Fonts/Roboto-Light.ttf' (159K)
[2017.08.11-12.51.07:794][955]LogContentBrowser: Native class hierarchy updated for 'BlueprintGraph' in 0.0008 seconds. Added 112 classes and 0 folders.
[2017.08.11-12.51.08:309][955]LogSlate: Took 0.000136 seconds to synchronously load lazily loaded font '../../../Engine/Content/Editor/Slate/Fonts/Roboto-BoldCondensed.ttf' (158K)
[2017.08.11-12.51.42:631][882]LogSlate: Took 0.000180 seconds to synchronously load lazily loaded font '../../../Engine/Content/Editor/Slate/Fonts/Roboto-Italic.ttf' (157K)
[2017.08.11-12.56.15:088][959]BlueprintLog: New page: Compile Untitled
[2017.08.11-12.56.21:664][345]Cmd: OBJ SAVEPACKAGE PACKAGE="/Game/Untitled" FILE="C:/Users/CorrM/Documents/Unreal Projects/tcp_listener/Content/Untitled.umap" SILENT=true AUTOSAVING=false KEEPDIRTY=false
[2017.08.11-12.56.21:840][345]LogSavePackage: Save=149.98ms
[2017.08.11-12.56.21:840][345]LogSavePackage: Moving 'C:/Users/CorrM/Documents/Unreal Projects/tcp_listener/Saved/UntitledCB327F9B4C8861A33F9F399943A092D0.tmp' to 'C:/Users/CorrM/Documents/Unreal Projects/tcp_listener/Content/Untitled.umap'
[2017.08.11-12.56.21:893][345]LogSavePackage:Display: Finished SavePackage C:/Users/CorrM/Documents/Unreal Projects/tcp_listener/Content/Untitled.umap
[2017.08.11-12.56.21:951][345]LogSlate: Took 0.000193 seconds to synchronously load lazily loaded font '../../../Engine/Content/Slate/Fonts/Roboto-Regular.ttf' (155K)
[2017.08.11-12.56.21:954][345]LogFileHelpers: Saving map 'Untitled' took 1.087
[2017.08.11-12.56.28:035][755]LogSlate: Only BGRA pngs, bmps or icos are supported in by External Image Picker
[2017.08.11-12.56.28:338][784]LogTemp: Executing iPhonePackager certificates Engine -bundlename com.YourCompany.tcplistener
[2017.08.11-12.56.28:338][784]LogTemp: CWD: G:\Unreal Engine\UE_4.16\Engine\Binaries\DotNET\IOS
[2017.08.11-12.56.28:338][784]LogTemp: Initial Dir: G:\Unreal Engine\UE_4.16
[2017.08.11-12.56.28:338][784]LogTemp: Env CWD: G:\Unreal Engine\UE_4.16\Engine\Binaries\DotNET\IOS
[2017.08.11-12.56.28:339][784]LogTemp: BranchPath = DESKTOP-C23HKA0/G/Unreal Engine/UE_4.16/Engine/Binaries --- GameBranchPath = DESKTOP-C23HKA0/G/Unreal Engine/UE_4.16/Engine/Binaries
[2017.08.11-12.56.28:547][809]LogTemp: IPP ERROR: Could not find provision directory 'C:\Users\CorrM\AppData\Local/Apple Computer/MobileDevice/Provisioning Profiles/'.
[2017.08.11-12.56.34:549][367]LogSlate: Took 0.000161 seconds to synchronously load lazily loaded font '../../../Engine/Content/Slate/Fonts/Roboto-Light.ttf' (159K)
[2017.08.11-12.57.48:963][105]LogTemp: Repeting last play command: Selected Viewport
[2017.08.11-12.57.49:081][105]LogBlueprintUserMessages: Early PlayInEditor Detection: Level '/Game/Untitled.Untitled:PersistentLevel' has LevelScriptBlueprint '/Game/Untitled.Untitled:PersistentLevel.Untitled' with GeneratedClass '/Game/Untitled.Untitled_C' with ClassGeneratedBy '/Game/Untitled.Untitled:PersistentLevel.Untitled'
[2017.08.11-12.57.49:143][105]LogPlayLevel: PlayLevel: No blueprints needed recompiling
[2017.08.11-12.57.49:444][105]PIE: New page: PIE session: Untitled (Aug 11, 2017, 4:57:49 PM)
[2017.08.11-12.57.49:498][105]LogPlayLevel: Creating play world package: /Game/UEDPIE_0_Untitled
[2017.08.11-12.57.49:559][105]LogPlayLevel: PIE: StaticDuplicateObject took: (0.060541s)
[2017.08.11-12.57.49:560][105]LogAIModule: Creating AISystem for world Untitled
[2017.08.11-12.57.49:561][105]LogPlayLevel: PIE: World Init took: (0.001528s)
[2017.08.11-12.57.49:561][105]LogPlayLevel: PIE: Created PIE world by copying editor world from /Game/Untitled.Untitled to /Game/UEDPIE_0_Untitled.Untitled (0.088578s)
[2017.08.11-12.57.49:646][105]LogInit: XAudio2 using 'Speakers (Realtek High Definition Audio)' : 2 channels at 48 kHz using 32 bits per sample (channel mask 0x3)
[2017.08.11-12.57.49:659][105]LogInit: FAudioDevice initialized.
[2017.08.11-12.57.49:756][105]LogLoad: Game class is 'GameModeBase'
[2017.08.11-12.57.49:897][105]LogWorld: Bringing World /Game/UEDPIE_0_Untitled.Untitled up for play (max tick rate 0) at 2017.08.11-14.57.49
[2017.08.11-12.57.49:905][105]LogWorld: Bringing up level for play took: 0.004773
[2017.08.11-12.57.50:136][105]LogContentBrowser: Native class hierarchy updated for 'MovieSceneCapture' in 0.0006 seconds. Added 11 classes and 0 folders.
[2017.08.11-12.57.50:194][105]LogScript:Warning: Accessed None trying to read property MainSock
	Untitled_C /Game/UEDPIE_0_Untitled.Untitled:PersistentLevel.Untitled_C_0
	Function /Game/Untitled.Untitled_C:ExecuteUbergraph_Untitled:00C3
[2017.08.11-12.57.50:194][105]PIE:Error: Error Blueprint Runtime Error: Accessed None trying to read property MainSock from function: 'ExecuteUbergraph_Untitled' from node: Setup CorrMSocket in graph: EventGraph in object: Untitled with description: Accessed None trying to read property MainSock
[2017.08.11-12.57.50:195][105]LogScript:Warning: Accessed None trying to read property MainSock
	Untitled_C /Game/UEDPIE_0_Untitled.Untitled:PersistentLevel.Untitled_C_0
	Function /Game/Untitled.Untitled_C:ExecuteUbergraph_Untitled:0131
[2017.08.11-12.57.50:195][105]PIE:Error: Error Blueprint Runtime Error: Accessed None trying to read property MainSock from function: 'ExecuteUbergraph_Untitled' from node: Start Listening in graph: EventGraph in object: Untitled with description: Accessed None trying to read property MainSock
[2017.08.11-12.57.50:208][105]LogBlueprintUserMessages: [Untitled_C_0] Can't start Listener
[2017.08.11-12.57.50:222][105]PIE: Info Play in editor start time for /Game/UEDPIE_0_Untitled 1.623
[2017.08.11-12.57.50:223][105]LogBlueprintUserMessages: Late PlayInEditor Detection: Level '/Game/Untitled.Untitled:PersistentLevel' has LevelScriptBlueprint '/Game/Untitled.Untitled:PersistentLevel.Untitled' with GeneratedClass '/Game/Untitled.Untitled_C' with ClassGeneratedBy '/Game/Untitled.Untitled:PersistentLevel.Untitled'
[2017.08.11-12.58.01:651][451]LogBlueprintUserMessages: Early EndPlayMap Detection: Level '/Game/Untitled.Untitled:PersistentLevel' has LevelScriptBlueprint '/Game/Untitled.Untitled:PersistentLevel.Untitled' with GeneratedClass '/Game/Untitled.Untitled_C' with ClassGeneratedBy '/Game/Untitled.Untitled:PersistentLevel.Untitled'
[2017.08.11-12.58.01:742][451]LogBlueprintUserMessages: Late EndPlayMap Detection: Level '/Game/Untitled.Untitled:PersistentLevel' has LevelScriptBlueprint '/Game/Untitled.Untitled:PersistentLevel.Untitled' with GeneratedClass '/Game/Untitled.Untitled_C' with ClassGeneratedBy '/Game/Untitled.Untitled:PersistentLevel.Untitled'
[2017.08.11-12.58.58:127][ 98]LogEditorTransaction: Undo Move Node
[2017.08.11-12.59.23:404][ 66]BlueprintLog: New page: Compile Untitled
[2017.08.11-12.59.24:262][151]Cmd: OBJ SAVEPACKAGE PACKAGE="/Game/Untitled" FILE="C:/Users/CorrM/Documents/Unreal Projects/tcp_listener/Content/Untitled.umap" SILENT=true AUTOSAVING=false KEEPDIRTY=false
[2017.08.11-12.59.24:432][151]LogSavePackage: Save=140.81ms
[2017.08.11-12.59.24:432][151]LogSavePackage: Moving 'C:/Users/CorrM/Documents/Unreal Projects/tcp_listener/Saved/Untitled53F8E77F47417928F2BBB281D61558C5.tmp' to 'C:/Users/CorrM/Documents/Unreal Projects/tcp_listener/Content/Untitled.umap'
[2017.08.11-12.59.24:438][151]LogSavePackage:Display: Finished SavePackage C:/Users/CorrM/Documents/Unreal Projects/tcp_listener/Content/Untitled.umap
[2017.08.11-12.59.24:465][151]LogFileHelpers: Saving map 'Untitled' took 0.238
[2017.08.11-12.59.25:866][318]LogTemp: Repeting last play command: Selected Viewport
[2017.08.11-12.59.25:874][318]LogBlueprintUserMessages: Early PlayInEditor Detection: Level '/Game/Untitled.Untitled:PersistentLevel' has LevelScriptBlueprint '/Game/Untitled.Untitled:PersistentLevel.Untitled' with GeneratedClass '/Game/Untitled.Untitled_C' with ClassGeneratedBy '/Game/Untitled.Untitled:PersistentLevel.Untitled'
[2017.08.11-12.59.25:874][318]LogPlayLevel: PlayLevel: No blueprints needed recompiling
[2017.08.11-12.59.25:875][318]PIE: New page: PIE session: Untitled (Aug 11, 2017, 4:59:25 PM)
[2017.08.11-12.59.25:875][318]LogPlayLevel: Creating play world package: /Game/UEDPIE_0_Untitled
[2017.08.11-12.59.25:877][318]LogPlayLevel: PIE: StaticDuplicateObject took: (0.002615s)
[2017.08.11-12.59.25:878][318]LogAIModule: Creating AISystem for world Untitled
[2017.08.11-12.59.25:879][318]LogPlayLevel: PIE: World Init took: (0.001074s)
[2017.08.11-12.59.25:879][318]LogPlayLevel: PIE: Created PIE world by copying editor world from /Game/Untitled.Untitled to /Game/UEDPIE_0_Untitled.Untitled (0.004149s)
[2017.08.11-12.59.25:902][318]LogInit: XAudio2 using 'Speakers (Realtek High Definition Audio)' : 2 channels at 48 kHz using 32 bits per sample (channel mask 0x3)
[2017.08.11-12.59.25:915][318]LogInit: FAudioDevice initialized.
[2017.08.11-12.59.25:950][318]LogLoad: Game class is 'GameModeBase'
[2017.08.11-12.59.25:952][318]LogWorld: Bringing World /Game/UEDPIE_0_Untitled.Untitled up for play (max tick rate 0) at 2017.08.11-14.59.25
[2017.08.11-12.59.25:953][318]LogWorld: Bringing up level for play took: 0.001140
[2017.08.11-12.59.25:964][318]LogTemp: TCP server listening at: 0.0.0.0:8188
[2017.08.11-12.59.25:964][318]PIE: Info Play in editor start time for /Game/UEDPIE_0_Untitled -0.634
[2017.08.11-12.59.25:965][318]LogBlueprintUserMessages: Late PlayInEditor Detection: Level '/Game/Untitled.Untitled:PersistentLevel' has LevelScriptBlueprint '/Game/Untitled.Untitled:PersistentLevel.Untitled' with GeneratedClass '/Game/Untitled.Untitled_C' with ClassGeneratedBy '/Game/Untitled.Untitled:PersistentLevel.Untitled'
[2017.08.11-12.59.31:014][723]LogTemp: Accept New Connect: 127.0.0.1:25810
[2017.08.11-12.59.36:017][ 86]LogBlueprintUserMessages: Early EndPlayMap Detection: Level '/Game/Untitled.Untitled:PersistentLevel' has LevelScriptBlueprint '/Game/Untitled.Untitled:PersistentLevel.Untitled' with GeneratedClass '/Game/Untitled.Untitled_C' with ClassGeneratedBy '/Game/Untitled.Untitled:PersistentLevel.Untitled'
[2017.08.11-12.59.36:056][ 86]LogBlueprintUserMessages: Late EndPlayMap Detection: Level '/Game/Untitled.Untitled:PersistentLevel' has LevelScriptBlueprint '/Game/Untitled.Untitled:PersistentLevel.Untitled' with GeneratedClass '/Game/Untitled.Untitled_C' with ClassGeneratedBy '/Game/Untitled.Untitled:PersistentLevel.Untitled'
[2017.08.11-13.00.38:414][456]BlueprintLog: New page: Compile Untitled
[2017.08.11-13.00.50:305][863]BlueprintLog: New page: Compile Untitled
[2017.08.11-13.00.51:835][ 30]Cmd: OBJ SAVEPACKAGE PACKAGE="/Game/Untitled" FILE="C:/Users/CorrM/Documents/Unreal Projects/tcp_listener/Content/Untitled.umap" SILENT=true AUTOSAVING=false KEEPDIRTY=false
[2017.08.11-13.00.51:999][ 30]LogSavePackage: Save=142.34ms
[2017.08.11-13.00.51:999][ 30]LogSavePackage: Moving 'C:/Users/CorrM/Documents/Unreal Projects/tcp_listener/Saved/UntitledD0B8328A40A43C76F34A1EAA9133E9C4.tmp' to 'C:/Users/CorrM/Documents/Unreal Projects/tcp_listener/Content/Untitled.umap'
[2017.08.11-13.00.52:005][ 30]LogSavePackage:Display: Finished SavePackage C:/Users/CorrM/Documents/Unreal Projects/tcp_listener/Content/Untitled.umap
[2017.08.11-13.00.53:267][178]LogTemp: Repeting last play command: Selected Viewport
[2017.08.11-13.00.53:275][178]LogBlueprintUserMessages: Early PlayInEditor Detection: Level '/Game/Untitled.Untitled:PersistentLevel' has LevelScriptBlueprint '/Game/Untitled.Untitled:PersistentLevel.Untitled' with GeneratedClass '/Game/Untitled.Untitled_C' with ClassGeneratedBy '/Game/Untitled.Untitled:PersistentLevel.Untitled'
[2017.08.11-13.00.53:275][178]LogPlayLevel: PlayLevel: No blueprints needed recompiling
[2017.08.11-13.00.53:275][178]PIE: New page: PIE session: Untitled (Aug 11, 2017, 5:00:53 PM)
[2017.08.11-13.00.53:275][178]LogPlayLevel: Creating play world package: /Game/UEDPIE_0_Untitled
[2017.08.11-13.00.53:278][178]LogPlayLevel: PIE: StaticDuplicateObject took: (0.002262s)
[2017.08.11-13.00.53:279][178]LogAIModule: Creating AISystem for world Untitled
[2017.08.11-13.00.53:279][178]LogPlayLevel: PIE: World Init took: (0.001103s)
[2017.08.11-13.00.53:279][178]LogPlayLevel: PIE: Created PIE world by copying editor world from /Game/Untitled.Untitled to /Game/UEDPIE_0_Untitled.Untitled (0.003896s)
[2017.08.11-13.00.53:303][178]LogInit: XAudio2 using 'Speakers (Realtek High Definition Audio)' : 2 channels at 48 kHz using 32 bits per sample (channel mask 0x3)
[2017.08.11-13.00.53:316][178]LogInit: FAudioDevice initialized.
[2017.08.11-13.00.53:352][178]LogLoad: Game class is 'GameModeBase'
[2017.08.11-13.00.53:354][178]LogWorld: Bringing World /Game/UEDPIE_0_Untitled.Untitled up for play (max tick rate 0) at 2017.08.11-15.00.53
[2017.08.11-13.00.53:354][178]LogWorld: Bringing up level for play took: 0.001151
[2017.08.11-13.00.53:366][178]LogTemp: TCP server listening at: 0.0.0.0:8188
[2017.08.11-13.00.53:366][178]PIE: Info Play in editor start time for /Game/UEDPIE_0_Untitled 0.767
[2017.08.11-13.00.53:367][178]LogBlueprintUserMessages: Late PlayInEditor Detection: Level '/Game/Untitled.Untitled:PersistentLevel' has LevelScriptBlueprint '/Game/Untitled.Untitled:PersistentLevel.Untitled' with GeneratedClass '/Game/Untitled.Untitled_C' with ClassGeneratedBy '/Game/Untitled.Untitled:PersistentLevel.Untitled'
[2017.08.11-13.00.53:388][180]LogStats:Warning: MetaData mismatch. Did you assign a stat to two groups? New //STATGROUP_Threads//FTcpListener///Thread_22d4_0///####STATCAT_Advanced#### old //STATGROUP_Threads//FTcpListener///Thread_c34_0///####STATCAT_Advanced####
[2017.08.11-13.01.11:635][879]LogBlueprintUserMessages: Early EndPlayMap Detection: Level '/Game/Untitled.Untitled:PersistentLevel' has LevelScriptBlueprint '/Game/Untitled.Untitled:PersistentLevel.Untitled' with GeneratedClass '/Game/Untitled.Untitled_C' with ClassGeneratedBy '/Game/Untitled.Untitled:PersistentLevel.Untitled'
[2017.08.11-13.01.11:673][879]LogBlueprintUserMessages: Late EndPlayMap Detection: Level '/Game/Untitled.Untitled:PersistentLevel' has LevelScriptBlueprint '/Game/Untitled.Untitled:PersistentLevel.Untitled' with GeneratedClass '/Game/Untitled.Untitled_C' with ClassGeneratedBy '/Game/Untitled.Untitled:PersistentLevel.Untitled'
[2017.08.11-13.01.13:915][141]LogTemp: Repeting last play command: Selected Viewport
[2017.08.11-13.01.13:925][141]LogBlueprintUserMessages: Early PlayInEditor Detection: Level '/Game/Untitled.Untitled:PersistentLevel' has LevelScriptBlueprint '/Game/Untitled.Untitled:PersistentLevel.Untitled' with GeneratedClass '/Game/Untitled.Untitled_C' with ClassGeneratedBy '/Game/Untitled.Untitled:PersistentLevel.Untitled'
[2017.08.11-13.01.13:925][141]LogPlayLevel: PlayLevel: No blueprints needed recompiling
[2017.08.11-13.01.13:926][141]PIE: New page: PIE session: Untitled (Aug 11, 2017, 5:01:13 PM)
[2017.08.11-13.01.13:926][141]LogPlayLevel: Creating play world package: /Game/UEDPIE_0_Untitled
[2017.08.11-13.01.13:929][141]LogPlayLevel: PIE: StaticDuplicateObject took: (0.002952s)
[2017.08.11-13.01.13:930][141]LogAIModule: Creating AISystem for world Untitled
[2017.08.11-13.01.13:930][141]LogPlayLevel: PIE: World Init took: (0.001296s)
[2017.08.11-13.01.13:931][141]LogPlayLevel: PIE: Created PIE world by copying editor world from /Game/Untitled.Untitled to /Game/UEDPIE_0_Untitled.Untitled (0.004940s)
[2017.08.11-13.01.13:961][141]LogInit: XAudio2 using 'Speakers (Realtek High Definition Audio)' : 2 channels at 48 kHz using 32 bits per sample (channel mask 0x3)
[2017.08.11-13.01.13:973][141]LogInit: FAudioDevice initialized.
[2017.08.11-13.01.14:008][141]LogLoad: Game class is 'GameModeBase'
[2017.08.11-13.01.14:010][141]LogWorld: Bringing World /Game/UEDPIE_0_Untitled.Untitled up for play (max tick rate 0) at 2017.08.11-15.01.14
[2017.08.11-13.01.14:010][141]LogWorld: Bringing up level for play took: 0.001025
[2017.08.11-13.01.14:022][141]LogTemp: TCP server listening at: 0.0.0.0:8188
[2017.08.11-13.01.14:022][141]PIE: Info Play in editor start time for /Game/UEDPIE_0_Untitled -0.576
[2017.08.11-13.01.14:023][141]LogBlueprintUserMessages: Late PlayInEditor Detection: Level '/Game/Untitled.Untitled:PersistentLevel' has LevelScriptBlueprint '/Game/Untitled.Untitled:PersistentLevel.Untitled' with GeneratedClass '/Game/Untitled.Untitled_C' with ClassGeneratedBy '/Game/Untitled.Untitled:PersistentLevel.Untitled'
[2017.08.11-13.01.14:045][143]LogStats:Warning: MetaData mismatch. Did you assign a stat to two groups? New //STATGROUP_Threads//FTcpListener///Thread_2b1c_0///####STATCAT_Advanced#### old //STATGROUP_Threads//FTcpListener///Thread_c34_0///####STATCAT_Advanced####
[2017.08.11-13.01.23:227][500]LogBlueprintUserMessages: Early EndPlayMap Detection: Level '/Game/Untitled.Untitled:PersistentLevel' has LevelScriptBlueprint '/Game/Untitled.Untitled:PersistentLevel.Untitled' with GeneratedClass '/Game/Untitled.Untitled_C' with ClassGeneratedBy '/Game/Untitled.Untitled:PersistentLevel.Untitled'
[2017.08.11-13.01.23:263][500]LogBlueprintUserMessages: Late EndPlayMap Detection: Level '/Game/Untitled.Untitled:PersistentLevel' has LevelScriptBlueprint '/Game/Untitled.Untitled:PersistentLevel.Untitled' with GeneratedClass '/Game/Untitled.Untitled_C' with ClassGeneratedBy '/Game/Untitled.Untitled:PersistentLevel.Untitled'
[2017.08.11-13.01.53:118][431]BlueprintLog: New page: Compile Untitled
[2017.08.11-13.01.53:733][486]Cmd: OBJ SAVEPACKAGE PACKAGE="/Game/Untitled" FILE="C:/Users/CorrM/Documents/Unreal Projects/tcp_listener/Content/Untitled.umap" SILENT=true AUTOSAVING=false KEEPDIRTY=false
[2017.08.11-13.01.53:914][486]LogSavePackage: Save=157.96ms
[2017.08.11-13.01.53:914][486]LogSavePackage: Moving 'C:/Users/CorrM/Documents/Unreal Projects/tcp_listener/Saved/UntitledAE83B3C24647764DEEE10FB8AF099B52.tmp' to 'C:/Users/CorrM/Documents/Unreal Projects/tcp_listener/Content/Untitled.umap'
[2017.08.11-13.01.53:920][486]LogSavePackage:Display: Finished SavePackage C:/Users/CorrM/Documents/Unreal Projects/tcp_listener/Content/Untitled.umap
[2017.08.11-13.01.53:930][486]LogFileHelpers: Saving map 'Untitled' took 0.234
[2017.08.11-13.01.55:473][664]LogTemp: Repeting last play command: Selected Viewport
[2017.08.11-13.01.55:481][664]LogBlueprintUserMessages: Early PlayInEditor Detection: Level '/Game/Untitled.Untitled:PersistentLevel' has LevelScriptBlueprint '/Game/Untitled.Untitled:PersistentLevel.Untitled' with GeneratedClass '/Game/Untitled.Untitled_C' with ClassGeneratedBy '/Game/Untitled.Untitled:PersistentLevel.Untitled'
[2017.08.11-13.01.55:481][664]LogPlayLevel: PlayLevel: No blueprints needed recompiling
[2017.08.11-13.01.55:481][664]PIE: New page: PIE session: Untitled (Aug 11, 2017, 5:01:55 PM)
[2017.08.11-13.01.55:482][664]LogPlayLevel: Creating play world package: /Game/UEDPIE_0_Untitled
[2017.08.11-13.01.55:485][664]LogPlayLevel: PIE: StaticDuplicateObject took: (0.002893s)
[2017.08.11-13.01.55:485][664]LogAIModule: Creating AISystem for world Untitled
[2017.08.11-13.01.55:486][664]LogPlayLevel: PIE: World Init took: (0.000894s)
[2017.08.11-13.01.55:486][664]LogPlayLevel: PIE: Created PIE world by copying editor world from /Game/Untitled.Untitled to /Game/UEDPIE_0_Untitled.Untitled (0.004355s)
[2017.08.11-13.01.55:514][664]LogInit: XAudio2 using 'Speakers (Realtek High Definition Audio)' : 2 channels at 48 kHz using 32 bits per sample (channel mask 0x3)
[2017.08.11-13.01.55:525][664]LogInit: FAudioDevice initialized.
[2017.08.11-13.01.55:555][664]LogLoad: Game class is 'GameModeBase'
[2017.08.11-13.01.55:557][664]LogWorld: Bringing World /Game/UEDPIE_0_Untitled.Untitled up for play (max tick rate 0) at 2017.08.11-15.01.55
[2017.08.11-13.01.55:557][664]LogWorld: Bringing up level for play took: 0.001157
[2017.08.11-13.01.55:569][664]LogTemp: TCP server listening at: 0.0.0.0:8188
[2017.08.11-13.01.55:569][664]LogBlueprintUserMessages: [Untitled_C_1] You Can Connect Now
[2017.08.11-13.01.55:569][664]PIE: Info Play in editor start time for /Game/UEDPIE_0_Untitled 0.971
[2017.08.11-13.01.55:570][664]LogBlueprintUserMessages: Late PlayInEditor Detection: Level '/Game/Untitled.Untitled:PersistentLevel' has LevelScriptBlueprint '/Game/Untitled.Untitled:PersistentLevel.Untitled' with GeneratedClass '/Game/Untitled.Untitled_C' with ClassGeneratedBy '/Game/Untitled.Untitled:PersistentLevel.Untitled'
[2017.08.11-13.01.55:593][666]LogStats:Warning: MetaData mismatch. Did you assign a stat to two groups? New //STATGROUP_Threads//FTcpListener///Thread_3284_0///####STATCAT_Advanced#### old //STATGROUP_Threads//FTcpListener///Thread_c34_0///####STATCAT_Advanced####
[2017.08.11-13.02.09:677][184]LogBlueprintUserMessages: Early EndPlayMap Detection: Level '/Game/Untitled.Untitled:PersistentLevel' has LevelScriptBlueprint '/Game/Untitled.Untitled:PersistentLevel.Untitled' with GeneratedClass '/Game/Untitled.Untitled_C' with ClassGeneratedBy '/Game/Untitled.Untitled:PersistentLevel.Untitled'
[2017.08.11-13.02.09:721][184]LogBlueprintUserMessages: Late EndPlayMap Detection: Level '/Game/Untitled.Untitled:PersistentLevel' has LevelScriptBlueprint '/Game/Untitled.Untitled:PersistentLevel.Untitled' with GeneratedClass '/Game/Untitled.Untitled_C' with ClassGeneratedBy '/Game/Untitled.Untitled:PersistentLevel.Untitled'
[2017.08.11-13.03.55:068][595]BlueprintLog: New page: Compile Untitled
[2017.08.11-13.03.56:601][759]Cmd: OBJ SAVEPACKAGE PACKAGE="/Game/Untitled" FILE="C:/Users/CorrM/Documents/Unreal Projects/tcp_listener/Content/Untitled.umap" SILENT=true AUTOSAVING=false KEEPDIRTY=false
[2017.08.11-13.03.56:829][759]LogSavePackage: Save=197.00ms
[2017.08.11-13.03.56:829][759]LogSavePackage: Moving 'C:/Users/CorrM/Documents/Unreal Projects/tcp_listener/Saved/Untitled5BCDEEC04E470740D9263C9E10CF40E4.tmp' to 'C:/Users/CorrM/Documents/Unreal Projects/tcp_listener/Content/Untitled.umap'
[2017.08.11-13.03.56:843][759]LogSavePackage:Display: Finished SavePackage C:/Users/CorrM/Documents/Unreal Projects/tcp_listener/Content/Untitled.umap
[2017.08.11-13.03.58:235][880]Cmd: QUIT_EDITOR
[2017.08.11-13.03.58:654][880]LogWindowsTextInputMethodSystem:Display: IME system now deactivated.
[2017.08.11-13.03.58:666][880]LogExit: Preparing to exit.
[2017.08.11-13.03.59:190][880]LogExit: Editor shut down
[2017.08.11-13.03.59:198][880]LogExit: Transaction tracking system shut down
[2017.08.11-13.03.59:316][880]LogObj: Freed 0b from 0 cluster array pools.
[2017.08.11-13.03.59:316][880]LogExit: Object subsystem successfully closed.
[2017.08.11-13.03.59:340][880]LogD3D11RHI: Shutdown
[2017.08.11-13.03.59:340][880]LogD3D11RHI: CleanupD3DDevice
[2017.08.11-13.03.59:390][880]LogD3D11RHI: ~FD3D11DynamicRHI
[2017.08.11-13.03.59:402][880]LogModuleManager: Shutting down and abandoning module MovieSceneCapture (534)
[2017.08.11-13.03.59:402][880]LogModuleManager: Shutting down and abandoning module ExternalImagePicker (532)
[2017.08.11-13.03.59:402][880]LogModuleManager: Shutting down and abandoning module BlueprintGraph (530)
[2017.08.11-13.03.59:402][880]LogModuleManager: Shutting down and abandoning module BlueprintProfiler (528)
[2017.08.11-13.03.59:409][880]LogModuleManager: Shutting down and abandoning module HierarchicalLODOutliner (526)
[2017.08.11-13.03.59:409][880]LogModuleManager: Shutting down and abandoning module CrashTracker (524)
[2017.08.11-13.03.59:409][880]LogModuleManager: Shutting down and abandoning module AddContentDialog (522)
[2017.08.11-13.03.59:409][880]LogDirectoryWatcher: A directory notification for 'G:/Unreal Engine/UE_4.16/FeaturePacks/' was aborted.
[2017.08.11-13.03.59:410][880]LogModuleManager: Shutting down and abandoning module WidgetCarousel (521)
[2017.08.11-13.03.59:410][880]LogModuleManager: Shutting down and abandoning module EditorWidgets (518)
[2017.08.11-13.03.59:410][880]LogModuleManager: Shutting down and abandoning module CollectionManager (516)
[2017.08.11-13.03.59:410][880]LogDirectoryWatcher: A directory notification for 'C:/Users/CorrM/Documents/Unreal Projects/tcp_listener/Content/Collections/' was aborted.
[2017.08.11-13.03.59:410][880]LogDirectoryWatcher: A directory notification for 'C:/Users/CorrM/Documents/Unreal Projects/tcp_listener/Content/Developers/CorrM/Collections/' was aborted.
[2017.08.11-13.03.59:410][880]LogDirectoryWatcher: A directory notification for 'C:/Users/CorrM/Documents/Unreal Projects/tcp_listener/Saved/Collections/' was aborted.
[2017.08.11-13.03.59:410][880]LogModuleManager: Shutting down and abandoning module SceneOutliner (514)
[2017.08.11-13.03.59:410][880]LogModuleManager: Shutting down and abandoning module StatsViewer (512)
[2017.08.11-13.03.59:410][880]LogModuleManager: Shutting down and abandoning module FoliageEdit (510)
[2017.08.11-13.03.59:410][880]LogModuleManager: Shutting down and abandoning module LandscapeEditor (508)
[2017.08.11-13.03.59:410][880]LogModuleManager: Shutting down and abandoning module MeshPaintMode (506)
[2017.08.11-13.03.59:410][880]LogModuleManager: Shutting down and abandoning module SceneDepthPickerMode (504)
[2017.08.11-13.03.59:410][880]LogModuleManager: Shutting down and abandoning module ActorPickerMode (502)
[2017.08.11-13.03.59:410][880]LogModuleManager: Shutting down and abandoning module GeometryMode (500)
[2017.08.11-13.03.59:410][880]LogModuleManager: Shutting down and abandoning module TextureAlignMode (498)
[2017.08.11-13.03.59:410][880]LogModuleManager: Shutting down and abandoning module BspMode (496)
[2017.08.11-13.03.59:410][880]LogModuleManager: Shutting down and abandoning module HardwareSurvey (494)
[2017.08.11-13.03.59:410][880]LogModuleManager: Shutting down and abandoning module SequenceRecorderSections (492)
[2017.08.11-13.03.59:410][880]LogModuleManager: Shutting down and abandoning module AutomationWorker (490)
[2017.08.11-13.03.59:410][880]LogModuleManager: Shutting down and abandoning module MatineeToLevelSequence (488)
[2017.08.11-13.03.59:410][880]LogModuleManager: Shutting down and abandoning module LevelSequenceEditor (486)
[2017.08.11-13.03.59:410][880]LogModuleManager: Shutting down and abandoning module PlacementMode (485)
[2017.08.11-13.03.59:410][880]LogModuleManager: Shutting down and abandoning module WmfMediaFactory (482)
[2017.08.11-13.03.59:410][880]LogModuleManager: Shutting down and abandoning module WmfMediaEditor (480)
[2017.08.11-13.03.59:410][880]LogModuleManager: Shutting down and abandoning module AvfMediaFactory (478)
[2017.08.11-13.03.59:410][880]LogModuleManager: Shutting down and abandoning module AvfMediaEditor (476)
[2017.08.11-13.03.59:411][880]LogModuleManager: Shutting down and abandoning module AndroidMediaFactory (474)
[2017.08.11-13.03.59:411][880]LogModuleManager: Shutting down and abandoning module Media (473)
[2017.08.11-13.03.59:411][880]LogModuleManager: Shutting down and abandoning module AndroidMediaEditor (470)
[2017.08.11-13.03.59:411][880]LogModuleManager: Shutting down and abandoning module CharacterAI (468)
[2017.08.11-13.03.59:411][880]LogModuleManager: Shutting down and abandoning module AudioCapture (466)
[2017.08.11-13.03.59:411][880]LogModuleManager: Shutting down and abandoning module SequenceRecorder (465)
[2017.08.11-13.03.59:411][880]LogModuleManager: Shutting down and abandoning module SmartSnapping (462)
[2017.08.11-13.03.59:411][880]LogModuleManager: Shutting down and abandoning module SessionServices (460)
[2017.08.11-13.03.59:411][880]LogModuleManager: Shutting down and abandoning module ViewportSnapping (458)
[2017.08.11-13.03.59:411][880]LogModuleManager: Shutting down and abandoning module ViewportInteraction (456)
[2017.08.11-13.03.59:411][880]LogModuleManager: Shutting down and abandoning module ClothPainter (454)
[2017.08.11-13.03.59:411][880]LogModuleManager: Shutting down and abandoning module LogVisualizer (452)
[2017.08.11-13.03.59:411][880]LogModuleManager: Shutting down and abandoning module IntroTutorials (450)
[2017.08.11-13.03.59:411][880]LogModuleManager: Shutting down and abandoning module GameProjectGeneration (449)
[2017.08.11-13.03.59:411][880]LogModuleManager: Shutting down and abandoning module EditorLiveStreaming (446)
[2017.08.11-13.03.59:411][880]LogModuleManager: Shutting down and abandoning module IOSPlatformEditor (444)
[2017.08.11-13.03.59:411][880]LogModuleManager: Shutting down and abandoning module HTML5PlatformEditor (442)
[2017.08.11-13.03.59:411][880]LogModuleManager: Shutting down and abandoning module AndroidPlatformEditor (440)
[2017.08.11-13.03.59:411][880]LogModuleManager: Shutting down and abandoning module AndroidDeviceDetection (439)
[2017.08.11-13.04.00:132][880]LogModuleManager: Shutting down and abandoning module IOSRuntimeSettings (436)
[2017.08.11-13.04.00:132][880]LogModuleManager: Shutting down and abandoning module AndroidRuntimeSettings (434)
[2017.08.11-13.04.00:132][880]LogModuleManager: Shutting down and abandoning module InputBindingEditor (432)
[2017.08.11-13.04.00:132][880]LogModuleManager: Shutting down and abandoning module MergeActors (430)
[2017.08.11-13.04.00:132][880]LogModuleManager: Shutting down and abandoning module SizeMap (428)
[2017.08.11-13.04.00:132][880]LogModuleManager: Shutting down and abandoning module TreeMap (426)
[2017.08.11-13.04.00:132][880]LogModuleManager: Shutting down and abandoning module ReferenceViewer (424)
[2017.08.11-13.04.00:132][880]LogModuleManager: Shutting down and abandoning module LocalizationDashboard (422)
[2017.08.11-13.04.00:132][880]LogModuleManager: Shutting down and abandoning module LocalizationService (421)
[2017.08.11-13.04.00:132][880]LogModuleManager: Shutting down and abandoning module HardwareTargeting (418)
[2017.08.11-13.04.00:132][880]LogModuleManager: Shutting down and abandoning module DeviceProfileEditor (416)
[2017.08.11-13.04.00:132][880]LogModuleManager: Shutting down and abandoning module UndoHistory (414)
[2017.08.11-13.04.00:132][880]LogModuleManager: Shutting down and abandoning module UserFeedback (412)
[2017.08.11-13.04.00:132][880]LogModuleManager: Shutting down and abandoning module XmlParser (410)
[2017.08.11-13.04.00:132][880]LogModuleManager: Shutting down and abandoning module Blutility (408)
[2017.08.11-13.04.00:132][880]LogModuleManager: Shutting down and abandoning module ProjectSettingsViewer (406)
[2017.08.11-13.04.00:132][880]LogModuleManager: Shutting down and abandoning module ProjectTargetPlatformEditor (405)
[2017.08.11-13.04.00:132][880]LogModuleManager: Shutting down and abandoning module EditorSettingsViewer (402)
[2017.08.11-13.04.00:132][880]LogModuleManager: Shutting down and abandoning module SettingsEditor (400)
[2017.08.11-13.04.00:132][880]LogModuleManager: Shutting down and abandoning module ProjectLauncher (398)
[2017.08.11-13.04.00:132][880]LogModuleManager: Shutting down and abandoning module SessionFrontend (396)
[2017.08.11-13.04.00:132][880]LogModuleManager: Shutting down and abandoning module ProfilerClient (394)
[2017.08.11-13.04.00:132][880]LogModuleManager: Shutting down and abandoning module DeviceManager (392)
[2017.08.11-13.04.00:132][880]LogModuleManager: Shutting down and abandoning module TargetDeviceServices (391)
[2017.08.11-13.04.00:196][880]LogModuleManager: Shutting down and abandoning module AutomationController (388)
[2017.08.11-13.04.00:196][880]LogModuleManager: Shutting down and abandoning module AutomationWindow (386)
[2017.08.11-13.04.00:196][880]LogModuleManager: Shutting down and abandoning module Layers (384)
[2017.08.11-13.04.00:196][880]LogModuleManager: Shutting down and abandoning module ComponentVisualizers (382)
[2017.08.11-13.04.00:196][880]LogModuleManager: Shutting down and abandoning module DetailCustomizations (380)
[2017.08.11-13.04.00:196][880]LogModuleManager: Shutting down and abandoning module PackagesDialog (378)
[2017.08.11-13.04.00:196][880]LogModuleManager: Shutting down and abandoning module Persona (376)
[2017.08.11-13.04.00:196][880]LogModuleManager: Shutting down and abandoning module AdvancedPreviewScene (375)
[2017.08.11-13.04.00:196][880]LogModuleManager: Shutting down and abandoning module AnimGraph (373)
[2017.08.11-13.04.00:196][880]LogModuleManager: Shutting down and abandoning module Kismet (370)
[2017.08.11-13.04.00:202][880]LogModuleManager: Shutting down and abandoning module ClassViewer (368)
[2017.08.11-13.04.00:204][880]LogModuleManager: Shutting down and abandoning module Toolbox (366)
[2017.08.11-13.04.00:204][880]LogModuleManager: Shutting down and abandoning module ModuleUI (364)
[2017.08.11-13.04.00:204][880]LogModuleManager: Shutting down and abandoning module MovieSceneTools (362)
[2017.08.11-13.04.00:204][880]LogModuleManager: Shutting down and abandoning module OutputLog (360)
[2017.08.11-13.04.00:204][880]LogModuleManager: Shutting down and abandoning module GammaUI (358)
[2017.08.11-13.04.00:204][880]LogModuleManager: Shutting down and abandoning module Documentation (356)
[2017.08.11-13.04.00:204][880]LogModuleManager: Shutting down and abandoning module MovieSceneTracks (354)
[2017.08.11-13.04.00:204][880]LogModuleManager: Shutting down and abandoning module MovieScene (352)
[2017.08.11-13.04.00:204][880]LogModuleManager: Shutting down and abandoning module Niagara (350)
[2017.08.11-13.04.00:204][880]LogModuleManager: Shutting down and abandoning module NiagaraEditor (349)
[2017.08.11-13.04.00:204][880]LogModuleManager: Shutting down and abandoning module StreamingPauseRendering (346)
[2017.08.11-13.04.00:204][880]LogModuleManager: Shutting down and abandoning module AnalyticsET (344)
[2017.08.11-13.04.00:204][880]LogModuleManager: Shutting down and abandoning module PortalServices (342)
[2017.08.11-13.04.00:204][880]LogModuleManager: Shutting down and abandoning module PortalRpc (340)
[2017.08.11-13.04.00:204][880]LogModuleManager: Shutting down and abandoning module MessagingRpc (338)
[2017.08.11-13.04.00:204][880]LogModuleManager: Shutting down and abandoning module AIModule (336)
[2017.08.11-13.04.00:204][880]LogModuleManager: Shutting down and abandoning module GameplayDebugger (335)
[2017.08.11-13.04.00:204][880]LogModuleManager: Shutting down and abandoning module AITestSuite (333)
[2017.08.11-13.04.00:204][880]LogModuleManager: Shutting down and abandoning module ProfilerService (330)
[2017.08.11-13.04.00:314][880]LogModuleManager: Shutting down and abandoning module TaskGraph (328)
[2017.08.11-13.04.00:315][880]LogModuleManager: Shutting down and abandoning module SteamVRController (326)
[2017.08.11-13.04.00:315][880]LogModuleManager: Shutting down and abandoning module SteamVR (324)
[2017.08.11-13.04.00:315][880]LogModuleManager: Shutting down and abandoning module ProceduralMeshComponentEditor (322)
[2017.08.11-13.04.00:315][880]LogModuleManager: Shutting down and abandoning module ProceduralMeshComponent (320)
[2017.08.11-13.04.00:315][880]LogModuleManager: Shutting down and abandoning module OculusLibrary (318)
[2017.08.11-13.04.00:315][880]LogModuleManager: Shutting down and abandoning module OculusInput (316)
[2017.08.11-13.04.00:315][880]LogModuleManager: Shutting down and abandoning module MobilePatchingUtils (314)
[2017.08.11-13.04.00:315][880]LogModuleManager: Shutting down and abandoning module CustomMeshComponent (312)
[2017.08.11-13.04.00:315][880]LogModuleManager: Shutting down and abandoning module CableComponent (310)
[2017.08.11-13.04.00:315][880]LogModuleManager: Shutting down and abandoning module ArchVisCharacter (308)
[2017.08.11-13.04.00:315][880]LogModuleManager: Shutting down and abandoning module AndroidPermission (306)
[2017.08.11-13.04.00:315][880]LogModuleManager: Shutting down and abandoning module MediaPlayerEditor (302)
[2017.08.11-13.04.00:315][880]LogModuleManager: Shutting down and abandoning module HTML5Networking (300)
[2017.08.11-13.04.00:315][880]LogModuleManager: Shutting down and abandoning module AlembicImporter (298)
[2017.08.11-13.04.00:315][880]LogModuleManager: Shutting down and abandoning module AlembicLibrary (297)
[2017.08.11-13.04.00:315][880]LogModuleManager: Shutting down and abandoning module GeometryCache (296)
[2017.08.11-13.04.00:315][880]LogModuleManager: Shutting down and abandoning module GeometryCacheEd (295)
[2017.08.11-13.04.00:315][880]LogModuleManager: Shutting down and abandoning module SuperSearchEditor (290)
[2017.08.11-13.04.00:315][880]LogModuleManager: Shutting down and abandoning module SuperSearch (289)
[2017.08.11-13.04.00:315][880]LogModuleManager: Shutting down and abandoning module SpeedTreeImporter (286)
[2017.08.11-13.04.00:315][880]LogModuleManager: Shutting down and abandoning module PluginBrowser (284)
[2017.08.11-13.04.00:315][880]LogModuleManager: Shutting down and abandoning module MobileLauncherProfileWizard (282)
[2017.08.11-13.04.00:315][880]LogModuleManager: Shutting down and abandoning module VisualStudioSourceCodeAccess (280)
[2017.08.11-13.04.00:315][880]LogModuleManager: Shutting down and abandoning module DesktopPlatform (279)
[2017.08.11-13.04.00:315][880]LogModuleManager: Shutting down and abandoning module UObjectPlugin (276)
[2017.08.11-13.04.00:315][880]LogModuleManager: Shutting down and abandoning module SubversionSourceControl (274)
[2017.08.11-13.04.00:315][880]LogModuleManager: Shutting down and abandoning module PerforceSourceControl (272)
[2017.08.11-13.04.00:315][880]LogModuleManager: Shutting down and abandoning module GitSourceControl (270)
[2017.08.11-13.04.00:315][880]LogModuleManager: Shutting down and abandoning module SourceControl (269)
[2017.08.11-13.04.00:315][880]LogModuleManager: Shutting down and abandoning module LightPropagationVolumeEditor (266)
[2017.08.11-13.04.00:315][880]LogModuleManager: Shutting down and abandoning module PaperTiledImporter (264)
[2017.08.11-13.04.00:315][880]LogModuleManager: Shutting down and abandoning module PaperSpriteSheetImporter (262)
[2017.08.11-13.04.00:315][880]LogModuleManager: Shutting down and abandoning module Paper2DEditor (260)
[2017.08.11-13.04.00:315][880]LogModuleManager: Shutting down and abandoning module MeshPaint (259)
[2017.08.11-13.04.00:315][880]LogModuleManager: Shutting down and abandoning module LevelEditor (257)
[2017.08.11-13.04.00:316][880]LogModuleManager: Shutting down and abandoning module PixelInspectorModule (256)
[2017.08.11-13.04.00:316][880]LogModuleManager: Shutting down and abandoning module MainFrame (254)
[2017.08.11-13.04.00:316][880]LogModuleManager: Shutting down and abandoning module HotReload (253)
[2017.08.11-13.04.00:317][880]LogModuleManager: Shutting down and abandoning module PhysXVehiclesEditor (248)
[2017.08.11-13.04.00:317][880]LogModuleManager: Shutting down and abandoning module PhysXVehicles (246)
[2017.08.11-13.04.00:317][880]LogModuleManager: Shutting down and abandoning module LocationServicesBPLibrary (244)
[2017.08.11-13.04.00:317][880]LogModuleManager: Shutting down and abandoning module ImmediatePhysicsEditor (242)
[2017.08.11-13.04.00:317][880]LogModuleManager: Shutting down and abandoning module ImmediatePhysics (240)
[2017.08.11-13.04.00:317][880]LogModuleManager: Shutting down and abandoning module UdpMessaging (238)
[2017.08.11-13.04.00:417][880]LogModuleManager: Shutting down and abandoning module TcpMessaging (236)
[2017.08.11-13.04.00:518][880]LogModuleManager: Shutting down and abandoning module GameplayTagsEditor (234)
[2017.08.11-13.04.00:518][880]LogModuleManager: Shutting down and abandoning module FacialAnimationEditor (232)
[2017.08.11-13.04.00:518][880]LogModuleManager: Shutting down and abandoning module FacialAnimation (230)
[2017.08.11-13.04.00:518][880]LogModuleManager: Shutting down and abandoning module AssetManagerEditor (228)
[2017.08.11-13.04.00:518][880]LogModuleManager: Shutting down and abandoning module GraphEditor (227)
[2017.08.11-13.04.00:518][880]LogModuleManager: Shutting down and abandoning module ContentBrowser (225)
[2017.08.11-13.04.00:519][880]LogModuleManager: Shutting down and abandoning module LightPropagationVolumeRuntime (222)
[2017.08.11-13.04.00:519][880]LogModuleManager: Shutting down and abandoning module Paper2D (220)
[2017.08.11-13.04.00:519][880]LogModuleManager: Shutting down and abandoning module WindowsMoviePlayer (218)
[2017.08.11-13.04.00:519][880]LogModuleManager: Shutting down and abandoning module WmfMedia (216)
[2017.08.11-13.04.00:519][880]LogModuleManager: Shutting down and abandoning module CorrmSocket (214)
[2017.08.11-13.04.00:519][880]LogModuleManager: Shutting down and abandoning module ClothingSystemEditor (212)
[2017.08.11-13.04.00:519][880]LogModuleManager: Shutting down and abandoning module ClothingSystemRuntime (210)
[2017.08.11-13.04.00:519][880]LogModuleManager: Shutting down and abandoning module MediaAssets (208)
[2017.08.11-13.04.00:519][880]LogModuleManager: Shutting down and abandoning module GameLiveStreaming (206)
[2017.08.11-13.04.00:519][880]LogModuleManager: Shutting down and abandoning module VREditor (204)
[2017.08.11-13.04.00:519][880]LogModuleManager: Shutting down and abandoning module StringTableEditor (202)
[2017.08.11-13.04.00:519][880]LogModuleManager: Shutting down and abandoning module GameplayTasksEditor (200)
[2017.08.11-13.04.00:519][880]LogModuleManager: Shutting down and abandoning module BehaviorTreeEditor (198)
[2017.08.11-13.04.00:519][880]LogModuleManager: Shutting down and abandoning module FunctionalTesting (196)
[2017.08.11-13.04.00:519][880]LogModuleManager: Shutting down and abandoning module CollisionAnalyzer (194)
[2017.08.11-13.04.00:519][880]LogModuleManager: Shutting down and abandoning module UMG (192)
[2017.08.11-13.04.00:519][880]LogModuleManager: Shutting down and abandoning module UMGEditor (191)
[2017.08.11-13.04.00:519][880]LogModuleManager: Shutting down and abandoning module Sequencer (190)
[2017.08.11-13.04.00:519][880]LogModuleManager: Shutting down and abandoning module AssetTools (188)
[2017.08.11-13.04.00:519][880]LogModuleManager: Shutting down and abandoning module MessageLog (187)
[2017.08.11-13.04.00:519][880]LogModuleManager: Shutting down and abandoning module WorkspaceMenuStructure (186)
[2017.08.11-13.04.00:519][880]LogModuleManager: Shutting down and abandoning module SlateReflector (180)
[2017.08.11-13.04.00:519][880]LogModuleManager: Shutting down and abandoning module Slate (178)
[2017.08.11-13.04.00:519][880]LogModuleManager: Shutting down and abandoning module EditorStyle (176)
[2017.08.11-13.04.00:521][880]LogModuleManager: Shutting down and abandoning module SourceCodeAccess (174)
[2017.08.11-13.04.00:521][880]LogModuleManager: Shutting down and abandoning module HeadMountedDisplay (172)
[2017.08.11-13.04.00:521][880]LogModuleManager: Shutting down and abandoning module XAudio2 (170)
[2017.08.11-13.04.00:521][880]LogModuleManager: Shutting down and abandoning module Networking (168)
[2017.08.11-13.04.00:521][880]LogModuleManager: Shutting down and abandoning module Core (164)
[2017.08.11-13.04.00:521][880]LogModuleManager: Shutting down and abandoning module AssetRegistry (162)
[2017.08.11-13.04.00:659][880]LogDirectoryWatcher: A directory notification for '../../../Engine/Content/' was aborted.
[2017.08.11-13.04.00:659][880]LogDirectoryWatcher: A directory notification for 'C:/Users/CorrM/Documents/Unreal Projects/tcp_listener/Content/' was aborted.
[2017.08.11-13.04.00:659][880]LogDirectoryWatcher: A directory notification for '../../../Engine/Plugins/2D/Paper2D/Content/' was aborted.
[2017.08.11-13.04.00:659][880]LogDirectoryWatcher: A directory notification for '../../../Engine/Plugins/Runtime/GearVR/Content/' was aborted.
[2017.08.11-13.04.00:662][880]LogModuleManager: Shutting down and abandoning module DirectoryWatcher (161)
[2017.08.11-13.04.00:663][880]LogModuleManager: Shutting down and abandoning module KismetCompiler (158)
[2017.08.11-13.04.00:663][880]LogModuleManager: Shutting down and abandoning module LevelSequence (156)
[2017.08.11-13.04.00:663][880]LogModuleManager: Shutting down and abandoning module PhysXFormats (154)
[2017.08.11-13.04.00:663][880]LogModuleManager: Shutting down and abandoning module MeshUtilities (152)
[2017.08.11-13.04.00:663][880]LogModuleManager: Shutting down and abandoning module SimplygonSwarm (151)
[2017.08.11-13.04.00:663][880]LogModuleManager: Shutting down and abandoning module SimplygonMeshReduction (149)
[2017.08.11-13.04.00:663][880]LogModuleManager: Shutting down and abandoning module QuadricMeshReduction (147)
[2017.08.11-13.04.00:663][880]LogModuleManager: Shutting down and abandoning module DerivedDataCache (144)
[2017.08.11-13.04.00:763][880]LogDerivedDataCache: Shutdown
[2017.08.11-13.04.00:763][880]LogModuleManager: Shutting down and abandoning module TargetPlatform (142)
[2017.08.11-13.04.00:763][880]LogModuleManager: Shutting down and abandoning module VulkanShaderFormat (141)
[2017.08.11-13.04.00:763][880]LogModuleManager: Shutting down and abandoning module ShaderFormatVectorVM (139)
[2017.08.11-13.04.00:763][880]LogModuleManager: Shutting down and abandoning module ShaderFormatOpenGL (137)
[2017.08.11-13.04.00:763][880]LogModuleManager: Shutting down and abandoning module ShaderFormatD3D (135)
[2017.08.11-13.04.00:763][880]LogModuleManager: Shutting down and abandoning module MetalShaderFormat (133)
[2017.08.11-13.04.00:763][880]LogModuleManager: Shutting down and abandoning module TextureFormatUncompressed (131)
[2017.08.11-13.04.00:763][880]LogModuleManager: Shutting down and abandoning module TextureFormatPVR (129)
[2017.08.11-13.04.00:763][880]LogModuleManager: Shutting down and abandoning module TextureFormatDXT (127)
[2017.08.11-13.04.00:763][880]LogModuleManager: Shutting down and abandoning module TextureFormatIntelISPCTexComp (125)
[2017.08.11-13.04.00:763][880]LogModuleManager: Shutting down and abandoning module TextureFormatASTC (123)
[2017.08.11-13.04.00:763][880]LogModuleManager: Shutting down and abandoning module ImageWrapper (122)
[2017.08.11-13.04.00:763][880]LogModuleManager: Shutting down and abandoning module TextureFormatAndroid (119)
[2017.08.11-13.04.00:763][880]LogModuleManager: Shutting down and abandoning module AudioFormatOpus (117)
[2017.08.11-13.04.00:763][880]LogModuleManager: Shutting down and abandoning module AudioFormatOgg (115)
[2017.08.11-13.04.00:763][880]LogModuleManager: Shutting down and abandoning module AudioFormatADPCM (113)
[2017.08.11-13.04.00:763][880]LogModuleManager: Shutting down and abandoning module LinuxTargetPlatform (111)
[2017.08.11-13.04.00:763][880]LogModuleManager: Shutting down and abandoning module LinuxServerTargetPlatform (109)
[2017.08.11-13.04.00:763][880]LogModuleManager: Shutting down and abandoning module LinuxNoEditorTargetPlatform (107)
[2017.08.11-13.04.00:763][880]LogModuleManager: Shutting down and abandoning module LinuxClientTargetPlatform (105)
[2017.08.11-13.04.00:763][880]LogModuleManager: Shutting down and abandoning module TVOSTargetPlatform (103)
[2017.08.11-13.04.00:763][880]LogModuleManager: Shutting down and abandoning module Messaging (101)
[2017.08.11-13.04.00:763][880]LogModuleManager: Shutting down and abandoning module IOSTargetPlatform (99)
[2017.08.11-13.04.00:763][880]LogModuleManager: Shutting down and abandoning module HTML5TargetPlatform (97)
[2017.08.11-13.04.00:763][880]LogModuleManager: Shutting down and abandoning module Android_PVRTCTargetPlatform (95)
[2017.08.11-13.04.00:763][880]LogModuleManager: Shutting down and abandoning module Android_MultiTargetPlatform (93)
[2017.08.11-13.04.00:763][880]LogModuleManager: Shutting down and abandoning module Android_ETC2TargetPlatform (91)
[2017.08.11-13.04.00:763][880]LogModuleManager: Shutting down and abandoning module Android_ETC1TargetPlatform (89)
[2017.08.11-13.04.00:763][880]LogModuleManager: Shutting down and abandoning module Android_DXTTargetPlatform (87)
[2017.08.11-13.04.00:763][880]LogModuleManager: Shutting down and abandoning module Android_ATCTargetPlatform (85)
[2017.08.11-13.04.00:763][880]LogModuleManager: Shutting down and abandoning module Android_ASTCTargetPlatform (83)
[2017.08.11-13.04.00:763][880]LogModuleManager: Shutting down and abandoning module AndroidTargetPlatform (81)
[2017.08.11-13.04.00:763][880]LogModuleManager: Shutting down and abandoning module WindowsTargetPlatform (79)
[2017.08.11-13.04.00:763][880]LogModuleManager: Shutting down and abandoning module WindowsServerTargetPlatform (77)
[2017.08.11-13.04.00:763][880]LogModuleManager: Shutting down and abandoning module WindowsNoEditorTargetPlatform (75)
[2017.08.11-13.04.00:763][880]LogModuleManager: Shutting down and abandoning module WindowsClientTargetPlatform (73)
[2017.08.11-13.04.00:763][880]LogModuleManager: Shutting down and abandoning module MacTargetPlatform (71)
[2017.08.11-13.04.00:763][880]LogModuleManager: Shutting down and abandoning module MacServerTargetPlatform (69)
[2017.08.11-13.04.00:763][880]LogModuleManager: Shutting down and abandoning module MacNoEditorTargetPlatform (67)
[2017.08.11-13.04.00:763][880]LogModuleManager: Shutting down and abandoning module MacClientTargetPlatform (65)
[2017.08.11-13.04.00:763][880]LogModuleManager: Shutting down and abandoning module AllDesktopTargetPlatform (63)
[2017.08.11-13.04.00:763][880]LogModuleManager: Shutting down and abandoning module InputCore (60)
[2017.08.11-13.04.00:763][880]LogModuleManager: Shutting down and abandoning module Settings (58)
[2017.08.11-13.04.00:763][880]LogModuleManager: Shutting down and abandoning module OculusRift (56)
[2017.08.11-13.04.00:763][880]LogModuleManager: Shutting down and abandoning module GearVRController (54)
[2017.08.11-13.04.00:763][880]LogModuleManager: Shutting down and abandoning module GearVR (52)
[2017.08.11-13.04.00:763][880]LogModuleManager: Shutting down and abandoning module ExampleDeviceProfileSelector (50)
[2017.08.11-13.04.00:763][880]LogModuleManager: Shutting down and abandoning module OnlineBlueprintSupport (48)
[2017.08.11-13.04.00:763][880]LogModuleManager: Shutting down and abandoning module OnlineSubsystem (44)
[2017.08.11-13.04.00:763][880]LogOnline:Display: Unloading online subsystem: NULL
[2017.08.11-13.04.00:764][880]LogModuleManager: Shutting down and abandoning module XMPP (43)
[2017.08.11-13.04.00:764][880]LogModuleManager: Shutting down and abandoning module HTTP (41)
[2017.08.11-13.04.00:764][880]LogHttp:Display: Http module shutting down, but needs to wait on 1 outstanding Http requests:
[2017.08.11-13.04.00:764][880]LogHttp:Display: 	verb=[POST] url=[https://datarouter.ol.epicgames.com/datarouter/api/v1/public/data?SessionID=%7BEBB04CB2-4F1E-7F14-4427-DABFE5563288%7D&AppID=UEEditor.Rocket.Release&AppVersion=4.16.3-3561208%2B%2B%2BUE4%2BRelease-4.16&UserID=b04aa05b472d2d38209530bfeeae38d7%7C3ba997e8f8c44c5893816d65f1ae32d2%7C87ddd821-57a9-47e0-92da-03c6288c2327&AppEnvironment=datacollector-binary&UploadType=eteventstream] status=Processing
[2017.08.11-13.04.00:788][880]LogModuleManager: Shutting down and abandoning module SSL (40)
[2017.08.11-13.04.00:790][880]LogModuleManager: Shutting down and abandoning module HTTPChunkInstaller (36)
[2017.08.11-13.04.00:790][880]LogModuleManager: Shutting down and abandoning module AnimationModifiers (34)
[2017.08.11-13.04.00:790][880]LogModuleManager: Shutting down and abandoning module PropertyEditor (33)
[2017.08.11-13.04.00:790][880]LogModuleManager: Shutting down and abandoning module AudioEditor (30)
[2017.08.11-13.04.00:790][880]LogModuleManager: Shutting down and abandoning module TextureCompressor (28)
[2017.08.11-13.04.00:790][880]LogModuleManager: Shutting down and abandoning module ShaderCore (26)
[2017.08.11-13.04.00:790][880]LogModuleManager: Shutting down and abandoning module Landscape (24)
[2017.08.11-13.04.00:790][880]LogModuleManager: Shutting down and abandoning module SlateRHIRenderer (22)
[2017.08.11-13.04.00:792][880]LogModuleManager: Shutting down and abandoning module OpenGLDrv (20)
[2017.08.11-13.04.00:792][880]LogModuleManager: Shutting down and abandoning module D3D11RHI (18)
[2017.08.11-13.04.00:792][880]LogModuleManager: Shutting down and abandoning module AnimGraphRuntime (16)
[2017.08.11-13.04.00:792][880]LogModuleManager: Shutting down and abandoning module Renderer (14)
[2017.08.11-13.04.00:792][880]LogModuleManager: Shutting down and abandoning module Engine (12)
[2017.08.11-13.04.00:792][880]LogModuleManager: Shutting down and abandoning module CoreUObject (10)
[2017.08.11-13.04.00:792][880]LogModuleManager: Shutting down and abandoning module NetworkFile (8)
[2017.08.11-13.04.00:792][880]LogModuleManager: Shutting down and abandoning module StreamingFile (6)
[2017.08.11-13.04.00:792][880]LogModuleManager: Shutting down and abandoning module SandboxFile (4)
[2017.08.11-13.04.00:792][880]LogModuleManager: Shutting down and abandoning module PakFile (2)
[2017.08.11-13.04.00:794][880]LogExit: Exiting.
[2017.08.11-13.04.00:801][880]Log file closed, 08/11/17 15:04:00
