Log file open, 08/11/17 15:22:44
LogInit:Display: Running engine for game: tcp_listener
LogPlatformFile: Not using cached read wrapper
LogInit:Display: RandInit(611558271) SRandInit(611558271).
LogTaskGraph: Started task graph with 5 named threads and 8 total threads with 1 sets of task threads.
LogStats: Stats thread started at 0.095261
LogInit: Using libcurl 7.47.1
LogInit:  - built for x86_64-pc-win32
LogInit:  - supports SSL with OpenSSL/1.0.2g
LogInit:  - supports HTTP deflate (compression) using libz 1.2.8
LogInit:  - other features:
LogInit:      CURL_VERSION_SSL
LogInit:      CURL_VERSION_LIBZ
LogInit:      CURL_VERSION_IPV6
LogInit:      CURL_VERSION_ASYNCHDNS
LogInit:      CURL_VERSION_LARGEFILE
LogInit:      CURL_VERSION_IDN
LogInit:  CurlRequestOptions (configurable via config and command line):
LogInit:  - bVerifyPeer = false  - Libcurl will NOT verify peer certificate
LogInit:  - bUseHttpProxy = false  - Libcurl will NOT use HTTP proxy
LogInit:  - bDontReuseConnections = false  - Libcurl will reuse connections
LogInit:  - CertBundlePath = nullptr  - Libcurl will use whatever was configured at build time.
LogInit: Build: ++UE4+Release-4.16-CL-3561208
LogInit: Engine Version: 4.16.3-3561208+++UE4+Release-4.16
LogInit: Compatible Engine Version: 4.16.0-3452394+++UE4+Release-4.16
LogInit: Net CL: 3452394
LogDevObjectVersion: Number of dev versions registered: 16
LogDevObjectVersion:   Dev-Blueprints (B0D832E4-1F89-4F0D-ACCF-7EB736FD4AA2): 9
LogDevObjectVersion:   Dev-Build (E1C64328-A22C-4D53-A36C-8E866417BD8C): 0
LogDevObjectVersion:   Dev-Core (375EC13C-06E4-48FB-B500-84F0262A717E): 2
LogDevObjectVersion:   Dev-Editor (E4B068ED-F494-42E9-A231-DA0B2E46BB41): 17
LogDevObjectVersion:   Dev-Framework (CFFC743F-43B0-4480-9391-14DF171D2073): 23
LogDevObjectVersion:   Dev-Mobile (B02B49B5-BB20-44E9-A304-32B752E40360): 0
LogDevObjectVersion:   Dev-Networking (A4E4105C-59A1-49B5-A7C5-40C4547EDFEE): 0
LogDevObjectVersion:   Dev-Online (39C831C9-5AE6-47DC-9A44-9C173E1C8E7C): 0
LogDevObjectVersion:   Dev-Physics (78F01B33-EBEA-4F98-B9B4-84EACCB95AA2): 0
LogDevObjectVersion:   Dev-Platform (6631380F-2D4D-43E0-8009-CF276956A95A): 0
LogDevObjectVersion:   Dev-Rendering (12F88B9F-8875-4AFC-A67C-D90C383ABD29): 15
LogDevObjectVersion:   Dev-Sequencer (7B5AE74C-D270-4C10-A958-57980B212A5A): 4
LogDevObjectVersion:   Dev-VR (D7296918-1DD6-4BDD-9DE2-64A83CC13884): 0
LogDevObjectVersion:   Dev-LoadTimes (C2A15278-BFE7-4AFE-6C17-90FF531DF755): 1
LogDevObjectVersion:   Private-Geometry (6EACA3D4-40EC-4CC1-B786-8BED09428FC5): 1
LogDevObjectVersion:   Dev-AnimPhys (29E575DD-E0A3-4627-9D10-D276232CDCEA): 3
LogInit: Compiled (64-bit): Jul 28 2017 11:49:47
LogInit: Compiled with Visual C++: 19.00.24215.01
LogInit: Build Configuration: Development
LogInit: Branch Name: ++UE4+Release-4.16
LogInit: Command line:  
LogInit: Base directory: G:/Unreal Engine/UE_4.16/Engine/Binaries/Win64/
LogInit: Installed Engine Build: 1
LogInit: Presizing for max 8388607 objects, including 0 objects not considered by GC, pre-allocating 0 bytes for permanent pool.
LogInit: Object subsystem initialized
[2017.08.11-13.22.45:399][  0]LogInit: Selected Device Profile: [Windows]
[2017.08.11-13.22.45:399][  0]LogInit: Applying CVar settings loaded from the selected device profile: [Windows]
[2017.08.11-13.22.45:444][  0]LogInit: Computer: DESKTOP-C23HKA0
[2017.08.11-13.22.45:444][  0]LogInit: User: CorrM
[2017.08.11-13.22.45:444][  0]LogInit: CPU Page size=4096, Cores=4
[2017.08.11-13.22.45:444][  0]LogInit: High frequency timer resolution =3.507508 MHz
[2017.08.11-13.22.45:444][  0]LogMemory: Memory total: Physical=7.9GB (8GB approx)
[2017.08.11-13.22.45:444][  0]LogMemory: Platform Memory Stats for Windows
[2017.08.11-13.22.45:444][  0]LogMemory: Process Physical Memory: 273.44 MB used, 273.44 MB peak
[2017.08.11-13.22.45:444][  0]LogMemory: Process Virtual Memory: 260.94 MB used, 260.94 MB peak
[2017.08.11-13.22.45:444][  0]LogMemory: Physical Memory: 4739.86 MB used,  3330.59 MB free, 8070.45 MB total
[2017.08.11-13.22.45:444][  0]LogMemory: Virtual Memory: 638.49 MB used,  3330.59 MB free, 134217728.00 MB total
[2017.08.11-13.22.46:218][  0]LogInit: Using OS detected language (en-US).
[2017.08.11-13.22.46:218][  0]LogInit: Using OS detected locale (en-US).
[2017.08.11-13.22.46:310][  0]LogTextLocalizationManager: No specific localization for 'en-US' exists, so the 'en' localization will be used.
[2017.08.11-13.22.48:292][  0]LogD3D11RHI: D3D11 adapters:
[2017.08.11-13.22.48:938][  0]LogD3D11RHI:    0. 'NVIDIA GeForce GTX 960' (Feature Level 11_0)
[2017.08.11-13.22.48:938][  0]LogD3D11RHI:       2016/0/4035 MB DedicatedVideo/DedicatedSystem/SharedSystem, Outputs:1, VendorId:0x10de
[2017.08.11-13.22.48:944][  0]LogD3D11RHI:    1. 'Intel(R) HD Graphics 4600' (Feature Level 11_0)
[2017.08.11-13.22.48:944][  0]LogD3D11RHI:       112/0/2048 MB DedicatedVideo/DedicatedSystem/SharedSystem, Outputs:1, VendorId:0x8086
[2017.08.11-13.22.48:946][  0]LogD3D11RHI:    2. 'Microsoft Basic Render Driver' (Feature Level 11_0)
[2017.08.11-13.22.48:946][  0]LogD3D11RHI:       0/0/4035 MB DedicatedVideo/DedicatedSystem/SharedSystem, Outputs:0, VendorId:0x1414
[2017.08.11-13.22.48:946][  0]LogD3D11RHI: Chosen D3D11 Adapter: 0
[2017.08.11-13.22.48:952][  0]LogD3D11RHI: Creating new Direct3DDevice
[2017.08.11-13.22.48:952][  0]LogD3D11RHI:     GPU DeviceId: 0x1401 (for the marketing name, search the web for "GPU Device Id")
[2017.08.11-13.22.48:952][  0]LogWindows: EnumDisplayDevices:
[2017.08.11-13.22.48:952][  0]LogWindows:    0. 'NVIDIA GeForce GTX 960' (P:1 D:1)
[2017.08.11-13.22.48:952][  0]LogWindows:    1. 'NVIDIA GeForce GTX 960' (P:0 D:0)
[2017.08.11-13.22.48:952][  0]LogWindows:    2. 'NVIDIA GeForce GTX 960' (P:0 D:0)
[2017.08.11-13.22.48:953][  0]LogWindows:    3. 'NVIDIA GeForce GTX 960' (P:0 D:0)
[2017.08.11-13.22.48:953][  0]LogWindows:    4. 'Intel(R) HD Graphics 4600' (P:0 D:1)
[2017.08.11-13.22.48:953][  0]LogWindows:    5. 'Intel(R) HD Graphics 4600' (P:0 D:0)
[2017.08.11-13.22.48:953][  0]LogWindows:    6. 'Intel(R) HD Graphics 4600' (P:0 D:0)
[2017.08.11-13.22.48:953][  0]LogWindows: DebugString: PrimaryIsNotTheChoosenAdapter PrimaryIsNotTheChoosenAdapter PrimaryIsNotTheChoosenAdapter FoundDriverCount:4 
[2017.08.11-13.22.48:953][  0]LogD3D11RHI:     Adapter Name: NVIDIA GeForce GTX 960
[2017.08.11-13.22.48:953][  0]LogD3D11RHI:   Driver Version: 382.53 (internal:22.21.13.8253, unified:382.53)
[2017.08.11-13.22.48:953][  0]LogD3D11RHI:      Driver Date: 6-7-2017
[2017.08.11-13.22.48:954][  0]LogRHI: Texture pool is 1361 MB (70% of 1945 MB)
[2017.08.11-13.22.49:456][  0]LogD3D11RHI: Async texture creation enabled
[2017.08.11-13.22.50:172][  0]LogD3D11RHI: GPU Timing Frequency: 1000.000000 (Debug: 2 1)
[2017.08.11-13.22.50:218][  0]LogShaderCompilers: Guid format shader working directory is -7 characters bigger than the processId version (C:/Users/CorrM/Documents/Unreal Projects/tcp_listener/Intermediate/Shaders/WorkingDirectory/4996/).
[2017.08.11-13.22.50:218][  0]LogShaderCompilers: Cleaned the shader compiler working directory 'C:/Users/CorrM/AppData/Local/Temp/UnrealShaderWorkingDir/FDCF19AB49C3E7E53EAFC2B9E6AF2216/'.
[2017.08.11-13.22.50:218][  0]LogShaderCompilers:Display: Using Local Shader Compiler.
[2017.08.11-13.22.51:557][  0]LogTemp:Display: Loaded TP AllDesktopTargetPlatform
[2017.08.11-13.22.51:592][  0]LogTemp:Display: Loaded TP MacClientTargetPlatform
[2017.08.11-13.22.51:683][  0]LogTemp:Display: Loaded TP MacNoEditorTargetPlatform
[2017.08.11-13.22.51:729][  0]LogTemp:Display: Loaded TP MacServerTargetPlatform
[2017.08.11-13.22.51:802][  0]LogTemp:Display: Loaded TP MacTargetPlatform
[2017.08.11-13.22.51:838][  0]LogTemp:Display: Loaded TP WindowsClientTargetPlatform
[2017.08.11-13.22.51:874][  0]LogTemp:Display: Loaded TP WindowsNoEditorTargetPlatform
[2017.08.11-13.22.51:910][  0]LogTemp:Display: Loaded TP WindowsServerTargetPlatform
[2017.08.11-13.22.51:940][  0]LogTemp:Display: Loaded TP WindowsTargetPlatform
[2017.08.11-13.22.52:009][  0]LogTemp:Display: Loaded TP AndroidTargetPlatform
[2017.08.11-13.22.52:045][  0]LogTemp:Display: Loaded TP Android_ASTCTargetPlatform
[2017.08.11-13.22.52:081][  0]LogTemp:Display: Loaded TP Android_ATCTargetPlatform
[2017.08.11-13.22.52:116][  0]LogTemp:Display: Loaded TP Android_DXTTargetPlatform
[2017.08.11-13.22.52:150][  0]LogTemp:Display: Loaded TP Android_ETC1TargetPlatform
[2017.08.11-13.22.52:188][  0]LogTemp:Display: Loaded TP Android_ETC2TargetPlatform
[2017.08.11-13.22.52:274][  0]LogTemp:Display: Loaded TP Android_MultiTargetPlatform
[2017.08.11-13.22.52:274][  0]LogTemp:Display: Loaded TP Android_PVRTCTargetPlatform
[2017.08.11-13.22.52:306][  0]LogTemp:Display: Loaded TP HTML5TargetPlatform
[2017.08.11-13.22.52:422][  0]LogTemp:Display: Loaded TP IOSTargetPlatform
[2017.08.11-13.22.52:444][  0]LogTemp:Display: Loaded TP TVOSTargetPlatform
[2017.08.11-13.22.52:483][  0]LogTemp:Display: Loaded TP LinuxClientTargetPlatform
[2017.08.11-13.22.52:520][  0]LogTemp:Display: Loaded TP LinuxNoEditorTargetPlatform
[2017.08.11-13.22.52:557][  0]LogTemp:Display: Loaded TP LinuxServerTargetPlatform
[2017.08.11-13.22.52:616][  0]LogTemp:Display: Loaded TP LinuxTargetPlatform
[2017.08.11-13.22.52:616][  0]LogTargetPlatformManager:Display: Building Assets For Windows
[2017.08.11-13.22.53:719][  0]LogDerivedDataCache:Display: Max Cache Size: 512 MB
[2017.08.11-13.22.54:771][  0]LogDerivedDataCache: Loaded boot cache 1.05s 90MB C:/Users/CorrM/AppData/Local/UnrealEngine/4.16/DerivedDataCache/Boot.ddc.
[2017.08.11-13.22.54:771][  0]LogDerivedDataCache:Display: Loaded Boot cache: C:/Users/CorrM/AppData/Local/UnrealEngine/4.16/DerivedDataCache/Boot.ddc
[2017.08.11-13.22.54:771][  0]LogDerivedDataCache: FDerivedDataBackendGraph:  Pak pak cache file C:/Users/CorrM/Documents/Unreal Projects/tcp_listener/DerivedDataCache/DDC.ddp not found, will not use a pak cache.
[2017.08.11-13.22.54:771][  0]LogDerivedDataCache: Unable to find inner node Pak for hierarchical cache Hierarchy.
[2017.08.11-13.22.54:771][  0]LogDerivedDataCache: FDerivedDataBackendGraph:  CompressedPak pak cache file C:/Users/CorrM/Documents/Unreal Projects/tcp_listener/DerivedDataCache/Compressed.ddp not found, will not use a pak cache.
[2017.08.11-13.22.54:771][  0]LogDerivedDataCache: Unable to find inner node CompressedPak for hierarchical cache Hierarchy.
[2017.08.11-13.22.54:813][  0]LogDerivedDataCache:Display: Pak cache opened for reading ../../../Engine/DerivedDataCache/Compressed.ddp.
[2017.08.11-13.22.54:827][  0]LogDerivedDataCache: Using Local data cache path C:/Users/CorrM/AppData/Local/UnrealEngine/Common/DerivedDataCache: Writable
[2017.08.11-13.22.54:836][  0]LogMaterial: Verifying Global Shaders for PCD3D_SM5
[2017.08.11-13.22.54:836][  0]LogSlate: Using Freetype 2.6.0
[2017.08.11-13.22.54:871][  0]LogSlate: SlateFontCache - WITH_FREETYPE: 1, WITH_HARFBUZZ: 1
[2017.08.11-13.22.54:871][  0]LogSlate: SlateFontCache - WITH_FREETYPE: 1, WITH_HARFBUZZ: 1
[2017.08.11-13.22.56:595][  0]LogInit: Selected Device Profile: [Windows]
[2017.08.11-13.22.56:772][  0]LogContentStreaming: Texture pool size is 0.00 MB
[2017.08.11-13.22.57:086][  0]LogMeshUtilities: Using QuadricMeshReduction for automatic static mesh reduction
[2017.08.11-13.22.57:146][  0]LogSimplygon: Simplygon DLL not present - disabling.
[2017.08.11-13.22.57:201][  0]LogMeshUtilities: Using SimplygonSwarm for distributed automatic mesh merging
[2017.08.11-13.22.57:201][  0]LogMeshUtilities: No automatic skeletal mesh reduction module available
[2017.08.11-13.22.57:201][  0]LogMeshUtilities: No automatic mesh merging module available
[2017.08.11-13.22.57:756][  0]LogNetVersion: tcp_listener , NetCL: 3452394, EngineNetVer: 2, GameNetVer: 0 (Checksum: 1989637335)
[2017.08.11-13.22.57:806][  0]LogAssetRegistry: FAssetRegistry took 0.0245 seconds to start up
[2017.08.11-13.22.57:909][  0]LogPackageLocalizationCache: Processed 5 localized package path(s) for 2 prioritized culture(s) in 0.089614 seconds
[2017.08.11-13.22.57:915][  0]LogUObjectArray: 34194 objects as part of root set at end of initial load.
[2017.08.11-13.22.57:915][  0]LogUObjectAllocator: 7260424 out of 0 bytes used by permanent object pool.
[2017.08.11-13.22.57:915][  0]LogUObjectArray: CloseDisregardForGC: 0/0 objects in disregard for GC pool
[2017.08.11-13.22.57:959][  0]LogInit: WinSock: version 1.1 (2.2), MaxSocks=32767, MaxUdp=65467
[2017.08.11-13.23.07:977][  0]LogTcpMessaging: Initializing TcpMessaging bridge
[2017.08.11-13.23.08:005][  0]LogUdpMessaging: Initializing bridge on interface 0.0.0.0:0 to multicast group 230.0.0.1:6666.
[2017.08.11-13.23.08:408][  0]LogMaterial: Uniform references updated for custom material expression Custom.
[2017.08.11-13.23.08:736][  0]SourceControl: Info Source control is disabled
[2017.08.11-13.23.08:737][  0]SourceControl: Info Source control is disabled
[2017.08.11-13.23.08:770][  0]SourceControl: Info Source control is disabled
[2017.08.11-13.23.08:803][  0]SourceControl: Info Source control is disabled
[2017.08.11-13.23.09:294][  0]LogAndroidPermission: UAndroidPermissionCallbackProxy::GetInstance
[2017.08.11-13.23.09:705][  0]LogEngine: Initializing Engine...
[2017.08.11-13.23.09:705][  0]LogHMD: Failed to initialize OpenVR with code 110
[2017.08.11-13.23.09:883][  0]LogStats: UGameplayTagsManager::ConstructGameplayTagTree: Construct from data asset -  0.000 s
[2017.08.11-13.23.09:883][  0]LogStats: UGameplayTagsManager::ConstructGameplayTagTree: GameplayTagTreeChangedEvent.Broadcast -  0.000 s
[2017.08.11-13.23.09:966][  0]LogAIModule: Creating AISystem for world Untitled
[2017.08.11-13.23.10:003][  0]LogInit: XAudio2 using 'Speakers (Realtek High Definition Audio)' : 2 channels at 48 kHz using 32 bits per sample (channel mask 0x3)
[2017.08.11-13.23.10:040][  0]LogInit: FAudioDevice initialized.
[2017.08.11-13.23.10:081][  0]LogDerivedDataCache: Saved boot cache 0.04s 90MB C:/Users/CorrM/AppData/Local/UnrealEngine/4.16/DerivedDataCache/Boot.ddc.
[2017.08.11-13.23.10:090][  0]LogInit: Texture streaming: Enabled
[2017.08.11-13.23.10:150][  0]LogEngineSessionManager: EngineSessionManager initialized
[2017.08.11-13.23.10:371][  0]LogInit: Transaction tracking system initialized
[2017.08.11-13.23.10:598][  0]BlueprintLog: New page: Editor Load
[2017.08.11-13.23.11:266][  0]LocalizationService: Info Localization service is disabled
[2017.08.11-13.23.11:787][  0]LogConsoleResponse:Display: 
[2017.08.11-13.23.12:132][  0]LogCook:Display: Max memory allowance for cook 16384mb min free memory 0mb
[2017.08.11-13.23.12:132][  0]LogCook:Display: Mobile HDR setting 1
[2017.08.11-13.23.13:046][  0]LogFileCache: Scanning file cache for directory 'C:/Users/CorrM/Documents/Unreal Projects/tcp_listener/Content/' took 0.01s
[2017.08.11-13.23.13:120][  0]SourceControl: Info Source control is disabled
[2017.08.11-13.23.13:120][  0]Cmd: MAP LOAD FILE="C:/Users/CorrM/Documents/Unreal Projects/tcp_listener/Content/Untitled.umap" TEMPLATE=0 SHOWPROGRESS=1 FEATURELEVEL=3
[2017.08.11-13.23.13:120][  0]LightingResults: New page: Lighting Build
[2017.08.11-13.23.13:148][  0]MapCheck: New page: Map Check
[2017.08.11-13.23.13:148][  0]LightingResults: New page: Lighting Build
[2017.08.11-13.23.13:585][  0]LogAIModule: Creating AISystem for world Untitled
[2017.08.11-13.23.13:601][  0]LogEditorServer: Finished looking for orphan Actors (0.000 secs)
[2017.08.11-13.23.13:614][  0]Cmd: MAP CHECKDEP NOCLEARLOG
[2017.08.11-13.23.13:641][  0]MapCheck: Info Map check complete: 0 Error(s), 0 Warning(s), took 26.588ms to complete.
[2017.08.11-13.23.13:641][  0]LogFileHelpers: Loading map 'Untitled' took 0.521
[2017.08.11-13.23.13:840][  0]LogCollectionManager: Loaded 0 collections in 0.000772 seconds
[2017.08.11-13.23.13:907][  0]LogFileCache: Scanning file cache for directory 'C:/Users/CorrM/Documents/Unreal Projects/tcp_listener/Saved/Collections/' took 0.01s
[2017.08.11-13.23.13:907][  0]LogFileCache: Scanning file cache for directory 'C:/Users/CorrM/Documents/Unreal Projects/tcp_listener/Content/Developers/CorrM/Collections/' took 0.01s
[2017.08.11-13.23.13:907][  0]LogFileCache: Scanning file cache for directory 'C:/Users/CorrM/Documents/Unreal Projects/tcp_listener/Content/Collections/' took 0.01s
[2017.08.11-13.23.13:907][  0]LogCollectionManager: Rebuilt the GUID cache for 0 collections in 0.000001 seconds
[2017.08.11-13.23.13:914][  0]LogContentBrowser: Native class hierarchy populated in 0.0077 seconds. Added 2331 classes and 496 folders.
[2017.08.11-13.23.13:955][  0]LogContentBrowser: Native class hierarchy updated for 'WidgetCarousel' in 0.0005 seconds. Added 0 classes and 0 folders.
[2017.08.11-13.23.15:357][  0]LogContentBrowser: Native class hierarchy updated for 'AddContentDialog' in 0.0005 seconds. Added 0 classes and 0 folders.
[2017.08.11-13.23.15:387][  0]LogCrashTracker: Crashtracker disabled due to settings.
[2017.08.11-13.23.15:392][  0]LogSlate: Took 0.000167 seconds to synchronously load lazily loaded font '../../../Engine/Content/Slate/Fonts/Roboto-Regular.ttf' (155K)
[2017.08.11-13.23.15:443][  0]LogSlate: Took 0.048647 seconds to synchronously load lazily loaded font '../../../Engine/Content/Slate/Fonts/Roboto-Bold.ttf' (160K)
[2017.08.11-13.23.15:459][  0]LogSlate: Took 0.012060 seconds to synchronously load lazily loaded font '../../../Engine/Content/Editor/Slate/Fonts/FontAwesome.ttf' (139K)
[2017.08.11-13.23.15:468][  0]LogSlate: Took 0.008257 seconds to synchronously load lazily loaded font '../../../Engine/Content/Editor/Slate/Fonts/DroidSansMono.ttf' (77K)
[2017.08.11-13.23.15:589][  0]LogRenderer: Reallocating scene render targets to support 972x508 NumSamples 1 (Frame:1).
[2017.08.11-13.23.15:694][  0]LogUObjectGlobals:Warning: Failed to find object 'Class None.'
[2017.08.11-13.23.15:746][  0]LogContentBrowser: Native class hierarchy updated for 'HierarchicalLODOutliner' in 0.0005 seconds. Added 1 classes and 2 folders.
[2017.08.11-13.23.15:746][  0]LogLoad: (Engine Initialization) Total time: 34.33 seconds
[2017.08.11-13.23.15:746][  0]LogLoad: (Engine Initialization) Total Blueprint compile time: 0.17 seconds
[2017.08.11-13.23.15:746][  0]LogExternalProfiler: Found external profiler: VSPerf
[2017.08.11-13.23.15:746][  0]LogExternalProfiler: Using external profiler: VSPerf
[2017.08.11-13.23.16:086][  0]LogOcInput: OculusInput pre-init called
[2017.08.11-13.23.16:086][  0]LogHMD: Starting GearVRController plugin
[2017.08.11-13.23.16:098][  0]LogAssetRegistry: Asset discovery search completed in 18.3135 seconds
[2017.08.11-13.23.16:100][  0]LogCollectionManager: Rebuilt the object cache for 0 collections in 0.000000 seconds (found 0 objects)
[2017.08.11-13.23.16:100][  0]LogCollectionManager: Fixed up redirectors for 0 collections in 0.000124 seconds (updated 0 objects)
[2017.08.11-13.23.16:104][  0]LogContentStreaming: Texture pool size now 1000 MB
[2017.08.11-13.23.17:087][  3]LogSlate: Took 0.000264 seconds to synchronously load lazily loaded font '../../../Engine/Content/Slate/Fonts/Roboto-Light.ttf' (159K)
[2017.08.11-13.25.23:442][553]LogSlate: Took 0.000129 seconds to synchronously load lazily loaded font '../../../Engine/Content/Slate/Fonts/Roboto-Light.ttf' (159K)
[2017.08.11-13.25.23:779][553]LogContentBrowser: Native class hierarchy updated for 'BlueprintGraph' in 0.0009 seconds. Added 112 classes and 0 folders.
[2017.08.11-13.25.24:271][553]LogSlate: Took 0.000206 seconds to synchronously load lazily loaded font '../../../Engine/Content/Editor/Slate/Fonts/Roboto-BoldCondensed.ttf' (158K)
[2017.08.11-13.25.24:351][554]LogSlate: Took 0.000142 seconds to synchronously load lazily loaded font '../../../Engine/Content/Editor/Slate/Fonts/Roboto-Italic.ttf' (157K)
[2017.08.11-13.26.38:380][420]BlueprintLog: New page: Compile Untitled
[2017.08.11-13.26.39:187][499]Cmd: OBJ SAVEPACKAGE PACKAGE="/Game/Untitled" FILE="C:/Users/CorrM/Documents/Unreal Projects/tcp_listener/Content/Untitled.umap" SILENT=true AUTOSAVING=false KEEPDIRTY=false
[2017.08.11-13.26.39:370][499]LogSavePackage: Save=152.20ms
[2017.08.11-13.26.39:370][499]LogSavePackage: Moving 'C:/Users/CorrM/Documents/Unreal Projects/tcp_listener/Saved/UntitledF5448A664B164997C57EFBA5F1ABA022.tmp' to 'C:/Users/CorrM/Documents/Unreal Projects/tcp_listener/Content/Untitled.umap'
[2017.08.11-13.26.39:376][499]LogSavePackage:Display: Finished SavePackage C:/Users/CorrM/Documents/Unreal Projects/tcp_listener/Content/Untitled.umap
[2017.08.11-13.26.39:403][499]LogFileHelpers: Saving map 'Untitled' took 0.245
[2017.08.11-13.26.41:447][741]LogTemp: Repeting last play command: Selected Viewport
[2017.08.11-13.26.41:608][741]LogBlueprintUserMessages: Early PlayInEditor Detection: Level '/Game/Untitled.Untitled:PersistentLevel' has LevelScriptBlueprint '/Game/Untitled.Untitled:PersistentLevel.Untitled' with GeneratedClass '/Game/Untitled.Untitled_C' with ClassGeneratedBy '/Game/Untitled.Untitled:PersistentLevel.Untitled'
[2017.08.11-13.26.41:630][741]LogPlayLevel: PlayLevel: No blueprints needed recompiling
[2017.08.11-13.26.41:669][741]PIE: New page: PIE session: Untitled (Aug 11, 2017, 5:26:41 PM)
[2017.08.11-13.26.41:681][741]LogPlayLevel: Creating play world package: /Game/UEDPIE_0_Untitled
[2017.08.11-13.26.41:734][741]LogPlayLevel: PIE: StaticDuplicateObject took: (0.052819s)
[2017.08.11-13.26.41:735][741]LogAIModule: Creating AISystem for world Untitled
[2017.08.11-13.26.41:735][741]LogPlayLevel: PIE: World Init took: (0.001146s)
[2017.08.11-13.26.41:746][741]LogPlayLevel: PIE: Created PIE world by copying editor world from /Game/Untitled.Untitled to /Game/UEDPIE_0_Untitled.Untitled (0.065473s)
[2017.08.11-13.26.41:800][741]LogInit: XAudio2 using 'Speakers (Realtek High Definition Audio)' : 2 channels at 48 kHz using 32 bits per sample (channel mask 0x3)
[2017.08.11-13.26.41:812][741]LogInit: FAudioDevice initialized.
[2017.08.11-13.26.41:886][741]LogLoad: Game class is 'GameModeBase'
[2017.08.11-13.26.41:902][741]LogWorld: Bringing World /Game/UEDPIE_0_Untitled.Untitled up for play (max tick rate 0) at 2017.08.11-15.26.41
[2017.08.11-13.26.41:913][741]LogWorld: Bringing up level for play took: 0.007522
[2017.08.11-13.26.42:187][741]LogContentBrowser: Native class hierarchy updated for 'MovieSceneCapture' in 0.0006 seconds. Added 11 classes and 0 folders.
[2017.08.11-13.26.42:258][741]LogTemp: TCP server listening at: 0.0.0.0:8188
[2017.08.11-13.26.42:259][741]LogBlueprintUserMessages: [Untitled_C_1] You Can Connect Now
[2017.08.11-13.26.42:259][741]PIE: Info Play in editor start time for /Game/UEDPIE_0_Untitled -0.34
[2017.08.11-13.26.42:259][741]LogBlueprintUserMessages: Late PlayInEditor Detection: Level '/Game/Untitled.Untitled:PersistentLevel' has LevelScriptBlueprint '/Game/Untitled.Untitled:PersistentLevel.Untitled' with GeneratedClass '/Game/Untitled.Untitled_C' with ClassGeneratedBy '/Game/Untitled.Untitled:PersistentLevel.Untitled'
[2017.08.11-13.26.47:319][ 38]LogTemp: Accept New Connect: 127.0.0.1:26297
[2017.08.11-13.26.47:320][ 38]LogBlueprintUserMessages: [Untitled_C_1] Connected: 127.0.0.1
[2017.08.11-13.26.48:987][ 42]LogBlueprintUserMessages: [Untitled_C_1] Recv From: 127.0.0.1, 8188
[2017.08.11-13.26.51:643][ 50]LogBlueprintUserMessages: [Untitled_C_1] Recv From: 127.0.0.1, 8188
[2017.08.11-13.26.56:532][119]LogBlueprintUserMessages: Early EndPlayMap Detection: Level '/Game/Untitled.Untitled:PersistentLevel' has LevelScriptBlueprint '/Game/Untitled.Untitled:PersistentLevel.Untitled' with GeneratedClass '/Game/Untitled.Untitled_C' with ClassGeneratedBy '/Game/Untitled.Untitled:PersistentLevel.Untitled'
[2017.08.11-13.26.56:627][119]LogBlueprintUserMessages: Late EndPlayMap Detection: Level '/Game/Untitled.Untitled:PersistentLevel' has LevelScriptBlueprint '/Game/Untitled.Untitled:PersistentLevel.Untitled' with GeneratedClass '/Game/Untitled.Untitled_C' with ClassGeneratedBy '/Game/Untitled.Untitled:PersistentLevel.Untitled'
[2017.08.11-13.26.59:108][390]LogTemp: Repeting last play command: Selected Viewport
[2017.08.11-13.26.59:117][390]LogBlueprintUserMessages: Early PlayInEditor Detection: Level '/Game/Untitled.Untitled:PersistentLevel' has LevelScriptBlueprint '/Game/Untitled.Untitled:PersistentLevel.Untitled' with GeneratedClass '/Game/Untitled.Untitled_C' with ClassGeneratedBy '/Game/Untitled.Untitled:PersistentLevel.Untitled'
[2017.08.11-13.26.59:118][390]LogPlayLevel: PlayLevel: No blueprints needed recompiling
[2017.08.11-13.26.59:118][390]PIE: New page: PIE session: Untitled (Aug 11, 2017, 5:26:59 PM)
[2017.08.11-13.26.59:118][390]LogPlayLevel: Creating play world package: /Game/UEDPIE_0_Untitled
[2017.08.11-13.26.59:121][390]LogPlayLevel: PIE: StaticDuplicateObject took: (0.002781s)
[2017.08.11-13.26.59:122][390]LogAIModule: Creating AISystem for world Untitled
[2017.08.11-13.26.59:122][390]LogPlayLevel: PIE: World Init took: (0.001054s)
[2017.08.11-13.26.59:122][390]LogPlayLevel: PIE: Created PIE world by copying editor world from /Game/Untitled.Untitled to /Game/UEDPIE_0_Untitled.Untitled (0.004341s)
[2017.08.11-13.26.59:147][390]LogInit: XAudio2 using 'Speakers (Realtek High Definition Audio)' : 2 channels at 48 kHz using 32 bits per sample (channel mask 0x3)
[2017.08.11-13.26.59:158][390]LogInit: FAudioDevice initialized.
[2017.08.11-13.26.59:189][390]LogLoad: Game class is 'GameModeBase'
[2017.08.11-13.26.59:190][390]LogWorld: Bringing World /Game/UEDPIE_0_Untitled.Untitled up for play (max tick rate 0) at 2017.08.11-15.26.59
[2017.08.11-13.26.59:191][390]LogWorld: Bringing up level for play took: 0.001280
[2017.08.11-13.26.59:203][390]LogTemp: TCP server listening at: 0.0.0.0:8188
[2017.08.11-13.26.59:203][390]LogBlueprintUserMessages: [Untitled_C_1] You Can Connect Now
[2017.08.11-13.26.59:203][390]PIE: Info Play in editor start time for /Game/UEDPIE_0_Untitled 0.604
[2017.08.11-13.26.59:204][390]LogBlueprintUserMessages: Late PlayInEditor Detection: Level '/Game/Untitled.Untitled:PersistentLevel' has LevelScriptBlueprint '/Game/Untitled.Untitled:PersistentLevel.Untitled' with GeneratedClass '/Game/Untitled.Untitled_C' with ClassGeneratedBy '/Game/Untitled.Untitled:PersistentLevel.Untitled'
[2017.08.11-13.26.59:223][392]LogStats:Warning: MetaData mismatch. Did you assign a stat to two groups? New //STATGROUP_Threads//FTcpListener///Thread_31c_0///####STATCAT_Advanced#### old //STATGROUP_Threads//FTcpListener///Thread_e9c_0///####STATCAT_Advanced####
[2017.08.11-13.27.09:358][764]LogBlueprintUserMessages: Early EndPlayMap Detection: Level '/Game/Untitled.Untitled:PersistentLevel' has LevelScriptBlueprint '/Game/Untitled.Untitled:PersistentLevel.Untitled' with GeneratedClass '/Game/Untitled.Untitled_C' with ClassGeneratedBy '/Game/Untitled.Untitled:PersistentLevel.Untitled'
[2017.08.11-13.27.09:391][764]LogBlueprintUserMessages: Late EndPlayMap Detection: Level '/Game/Untitled.Untitled:PersistentLevel' has LevelScriptBlueprint '/Game/Untitled.Untitled:PersistentLevel.Untitled' with GeneratedClass '/Game/Untitled.Untitled_C' with ClassGeneratedBy '/Game/Untitled.Untitled:PersistentLevel.Untitled'
[2017.08.11-13.27.27:418][152]LogTemp: Repeting last play command: Selected Viewport
[2017.08.11-13.27.27:430][152]LogBlueprintUserMessages: Early PlayInEditor Detection: Level '/Game/Untitled.Untitled:PersistentLevel' has LevelScriptBlueprint '/Game/Untitled.Untitled:PersistentLevel.Untitled' with GeneratedClass '/Game/Untitled.Untitled_C' with ClassGeneratedBy '/Game/Untitled.Untitled:PersistentLevel.Untitled'
[2017.08.11-13.27.27:431][152]LogPlayLevel: PlayLevel: No blueprints needed recompiling
[2017.08.11-13.27.27:431][152]PIE: New page: PIE session: Untitled (Aug 11, 2017, 5:27:27 PM)
[2017.08.11-13.27.27:431][152]LogPlayLevel: Creating play world package: /Game/UEDPIE_0_Untitled
[2017.08.11-13.27.27:434][152]LogPlayLevel: PIE: StaticDuplicateObject took: (0.002952s)
[2017.08.11-13.27.27:435][152]LogAIModule: Creating AISystem for world Untitled
[2017.08.11-13.27.27:435][152]LogPlayLevel: PIE: World Init took: (0.000755s)
[2017.08.11-13.27.27:435][152]LogPlayLevel: PIE: Created PIE world by copying editor world from /Game/Untitled.Untitled to /Game/UEDPIE_0_Untitled.Untitled (0.004247s)
[2017.08.11-13.27.27:454][152]LogInit: XAudio2 using 'Speakers (Realtek High Definition Audio)' : 2 channels at 48 kHz using 32 bits per sample (channel mask 0x3)
[2017.08.11-13.27.27:464][152]LogInit: FAudioDevice initialized.
[2017.08.11-13.27.27:498][152]LogLoad: Game class is 'GameModeBase'
[2017.08.11-13.27.27:500][152]LogWorld: Bringing World /Game/UEDPIE_0_Untitled.Untitled up for play (max tick rate 0) at 2017.08.11-15.27.27
[2017.08.11-13.27.27:500][152]LogWorld: Bringing up level for play took: 0.000948
[2017.08.11-13.27.27:512][152]LogTemp: TCP server listening at: 0.0.0.0:8188
[2017.08.11-13.27.27:512][152]LogBlueprintUserMessages: [Untitled_C_1] You Can Connect Now
[2017.08.11-13.27.27:512][152]PIE: Info Play in editor start time for /Game/UEDPIE_0_Untitled 0.913
[2017.08.11-13.27.27:513][152]LogBlueprintUserMessages: Late PlayInEditor Detection: Level '/Game/Untitled.Untitled:PersistentLevel' has LevelScriptBlueprint '/Game/Untitled.Untitled:PersistentLevel.Untitled' with GeneratedClass '/Game/Untitled.Untitled_C' with ClassGeneratedBy '/Game/Untitled.Untitled:PersistentLevel.Untitled'
[2017.08.11-13.27.27:533][154]LogStats:Warning: MetaData mismatch. Did you assign a stat to two groups? New //STATGROUP_Threads//FTcpListener///Thread_13c_0///####STATCAT_Advanced#### old //STATGROUP_Threads//FTcpListener///Thread_e9c_0///####STATCAT_Advanced####
[2017.08.11-13.27.36:492][415]LogBlueprintUserMessages: Early EndPlayMap Detection: Level '/Game/Untitled.Untitled:PersistentLevel' has LevelScriptBlueprint '/Game/Untitled.Untitled:PersistentLevel.Untitled' with GeneratedClass '/Game/Untitled.Untitled_C' with ClassGeneratedBy '/Game/Untitled.Untitled:PersistentLevel.Untitled'
[2017.08.11-13.27.36:522][415]LogBlueprintUserMessages: Late EndPlayMap Detection: Level '/Game/Untitled.Untitled:PersistentLevel' has LevelScriptBlueprint '/Game/Untitled.Untitled:PersistentLevel.Untitled' with GeneratedClass '/Game/Untitled.Untitled_C' with ClassGeneratedBy '/Game/Untitled.Untitled:PersistentLevel.Untitled'
[2017.08.11-13.28.23:628][517]LogWindowsTextInputMethodSystem:Display: IME system now deactivated.
[2017.08.11-13.28.23:786][518]Cmd: QUIT_EDITOR
[2017.08.11-13.28.23:997][518]LogExit: Preparing to exit.
[2017.08.11-13.28.24:258][518]LogExit: Editor shut down
[2017.08.11-13.28.24:261][518]LogExit: Transaction tracking system shut down
[2017.08.11-13.28.24:356][518]LogObj: Freed 0b from 0 cluster array pools.
[2017.08.11-13.28.24:356][518]LogExit: Object subsystem successfully closed.
[2017.08.11-13.28.24:375][518]LogD3D11RHI: Shutdown
[2017.08.11-13.28.24:375][518]LogD3D11RHI: CleanupD3DDevice
[2017.08.11-13.28.24:420][518]LogD3D11RHI: ~FD3D11DynamicRHI
[2017.08.11-13.28.24:430][518]LogModuleManager: Shutting down and abandoning module MovieSceneCapture (532)
[2017.08.11-13.28.24:430][518]LogModuleManager: Shutting down and abandoning module BlueprintGraph (530)
[2017.08.11-13.28.24:430][518]LogModuleManager: Shutting down and abandoning module BlueprintProfiler (528)
[2017.08.11-13.28.24:430][518]LogModuleManager: Shutting down and abandoning module HierarchicalLODOutliner (526)
[2017.08.11-13.28.24:430][518]LogModuleManager: Shutting down and abandoning module CrashTracker (524)
[2017.08.11-13.28.24:430][518]LogModuleManager: Shutting down and abandoning module AddContentDialog (522)
[2017.08.11-13.28.24:430][518]LogDirectoryWatcher: A directory notification for 'G:/Unreal Engine/UE_4.16/FeaturePacks/' was aborted.
[2017.08.11-13.28.24:431][518]LogModuleManager: Shutting down and abandoning module WidgetCarousel (521)
[2017.08.11-13.28.24:431][518]LogModuleManager: Shutting down and abandoning module EditorWidgets (518)
[2017.08.11-13.28.24:431][518]LogModuleManager: Shutting down and abandoning module CollectionManager (516)
[2017.08.11-13.28.24:431][518]LogDirectoryWatcher: A directory notification for 'C:/Users/CorrM/Documents/Unreal Projects/tcp_listener/Content/Collections/' was aborted.
[2017.08.11-13.28.24:432][518]LogDirectoryWatcher: A directory notification for 'C:/Users/CorrM/Documents/Unreal Projects/tcp_listener/Content/Developers/CorrM/Collections/' was aborted.
[2017.08.11-13.28.24:432][518]LogDirectoryWatcher: A directory notification for 'C:/Users/CorrM/Documents/Unreal Projects/tcp_listener/Saved/Collections/' was aborted.
[2017.08.11-13.28.24:432][518]LogModuleManager: Shutting down and abandoning module SceneOutliner (514)
[2017.08.11-13.28.24:432][518]LogModuleManager: Shutting down and abandoning module StatsViewer (512)
[2017.08.11-13.28.24:432][518]LogModuleManager: Shutting down and abandoning module FoliageEdit (510)
[2017.08.11-13.28.24:432][518]LogModuleManager: Shutting down and abandoning module LandscapeEditor (508)
[2017.08.11-13.28.24:432][518]LogModuleManager: Shutting down and abandoning module MeshPaintMode (506)
[2017.08.11-13.28.24:432][518]LogModuleManager: Shutting down and abandoning module SceneDepthPickerMode (504)
[2017.08.11-13.28.24:432][518]LogModuleManager: Shutting down and abandoning module ActorPickerMode (502)
[2017.08.11-13.28.24:432][518]LogModuleManager: Shutting down and abandoning module GeometryMode (500)
[2017.08.11-13.28.24:432][518]LogModuleManager: Shutting down and abandoning module TextureAlignMode (498)
[2017.08.11-13.28.24:432][518]LogModuleManager: Shutting down and abandoning module BspMode (496)
[2017.08.11-13.28.24:432][518]LogModuleManager: Shutting down and abandoning module HardwareSurvey (494)
[2017.08.11-13.28.24:432][518]LogModuleManager: Shutting down and abandoning module SequenceRecorderSections (492)
[2017.08.11-13.28.24:432][518]LogModuleManager: Shutting down and abandoning module AutomationWorker (490)
[2017.08.11-13.28.24:432][518]LogModuleManager: Shutting down and abandoning module MatineeToLevelSequence (488)
[2017.08.11-13.28.24:432][518]LogModuleManager: Shutting down and abandoning module LevelSequenceEditor (486)
[2017.08.11-13.28.24:432][518]LogModuleManager: Shutting down and abandoning module PlacementMode (485)
[2017.08.11-13.28.24:432][518]LogModuleManager: Shutting down and abandoning module WmfMediaFactory (482)
[2017.08.11-13.28.24:432][518]LogModuleManager: Shutting down and abandoning module WmfMediaEditor (480)
[2017.08.11-13.28.24:432][518]LogModuleManager: Shutting down and abandoning module AvfMediaFactory (478)
[2017.08.11-13.28.24:432][518]LogModuleManager: Shutting down and abandoning module AvfMediaEditor (476)
[2017.08.11-13.28.24:432][518]LogModuleManager: Shutting down and abandoning module AndroidMediaFactory (474)
[2017.08.11-13.28.24:432][518]LogModuleManager: Shutting down and abandoning module Media (473)
[2017.08.11-13.28.24:432][518]LogModuleManager: Shutting down and abandoning module AndroidMediaEditor (470)
[2017.08.11-13.28.24:432][518]LogModuleManager: Shutting down and abandoning module CharacterAI (468)
[2017.08.11-13.28.24:432][518]LogModuleManager: Shutting down and abandoning module AudioCapture (466)
[2017.08.11-13.28.24:432][518]LogModuleManager: Shutting down and abandoning module SequenceRecorder (465)
[2017.08.11-13.28.24:432][518]LogModuleManager: Shutting down and abandoning module SmartSnapping (462)
[2017.08.11-13.28.24:432][518]LogModuleManager: Shutting down and abandoning module SessionServices (460)
[2017.08.11-13.28.24:432][518]LogModuleManager: Shutting down and abandoning module ViewportSnapping (458)
[2017.08.11-13.28.24:432][518]LogModuleManager: Shutting down and abandoning module ViewportInteraction (456)
[2017.08.11-13.28.24:432][518]LogModuleManager: Shutting down and abandoning module ClothPainter (454)
[2017.08.11-13.28.24:432][518]LogModuleManager: Shutting down and abandoning module LogVisualizer (452)
[2017.08.11-13.28.24:432][518]LogModuleManager: Shutting down and abandoning module IntroTutorials (450)
[2017.08.11-13.28.24:432][518]LogModuleManager: Shutting down and abandoning module GameProjectGeneration (449)
[2017.08.11-13.28.24:432][518]LogModuleManager: Shutting down and abandoning module EditorLiveStreaming (446)
[2017.08.11-13.28.24:432][518]LogModuleManager: Shutting down and abandoning module IOSPlatformEditor (444)
[2017.08.11-13.28.24:432][518]LogModuleManager: Shutting down and abandoning module HTML5PlatformEditor (442)
[2017.08.11-13.28.24:432][518]LogModuleManager: Shutting down and abandoning module AndroidPlatformEditor (440)
[2017.08.11-13.28.24:432][518]LogModuleManager: Shutting down and abandoning module AndroidDeviceDetection (439)
[2017.08.11-13.28.24:623][518]LogModuleManager: Shutting down and abandoning module IOSRuntimeSettings (436)
[2017.08.11-13.28.24:623][518]LogModuleManager: Shutting down and abandoning module AndroidRuntimeSettings (434)
[2017.08.11-13.28.24:623][518]LogModuleManager: Shutting down and abandoning module InputBindingEditor (432)
[2017.08.11-13.28.24:623][518]LogModuleManager: Shutting down and abandoning module MergeActors (430)
[2017.08.11-13.28.24:623][518]LogModuleManager: Shutting down and abandoning module SizeMap (428)
[2017.08.11-13.28.24:623][518]LogModuleManager: Shutting down and abandoning module TreeMap (426)
[2017.08.11-13.28.24:623][518]LogModuleManager: Shutting down and abandoning module ReferenceViewer (424)
[2017.08.11-13.28.24:623][518]LogModuleManager: Shutting down and abandoning module LocalizationDashboard (422)
[2017.08.11-13.28.24:623][518]LogModuleManager: Shutting down and abandoning module LocalizationService (421)
[2017.08.11-13.28.24:623][518]LogModuleManager: Shutting down and abandoning module HardwareTargeting (418)
[2017.08.11-13.28.24:623][518]LogModuleManager: Shutting down and abandoning module DeviceProfileEditor (416)
[2017.08.11-13.28.24:623][518]LogModuleManager: Shutting down and abandoning module UndoHistory (414)
[2017.08.11-13.28.24:623][518]LogModuleManager: Shutting down and abandoning module UserFeedback (412)
[2017.08.11-13.28.24:623][518]LogModuleManager: Shutting down and abandoning module XmlParser (410)
[2017.08.11-13.28.24:623][518]LogModuleManager: Shutting down and abandoning module Blutility (408)
[2017.08.11-13.28.24:623][518]LogModuleManager: Shutting down and abandoning module ProjectSettingsViewer (406)
[2017.08.11-13.28.24:623][518]LogModuleManager: Shutting down and abandoning module ProjectTargetPlatformEditor (405)
[2017.08.11-13.28.24:623][518]LogModuleManager: Shutting down and abandoning module EditorSettingsViewer (402)
[2017.08.11-13.28.24:623][518]LogModuleManager: Shutting down and abandoning module SettingsEditor (400)
[2017.08.11-13.28.24:623][518]LogModuleManager: Shutting down and abandoning module ProjectLauncher (398)
[2017.08.11-13.28.24:623][518]LogModuleManager: Shutting down and abandoning module SessionFrontend (396)
[2017.08.11-13.28.24:623][518]LogModuleManager: Shutting down and abandoning module ProfilerClient (394)
[2017.08.11-13.28.24:623][518]LogModuleManager: Shutting down and abandoning module DeviceManager (392)
[2017.08.11-13.28.24:623][518]LogModuleManager: Shutting down and abandoning module TargetDeviceServices (391)
[2017.08.11-13.28.24:686][518]LogModuleManager: Shutting down and abandoning module AutomationController (388)
[2017.08.11-13.28.24:686][518]LogModuleManager: Shutting down and abandoning module AutomationWindow (386)
[2017.08.11-13.28.24:686][518]LogModuleManager: Shutting down and abandoning module Layers (384)
[2017.08.11-13.28.24:686][518]LogModuleManager: Shutting down and abandoning module ComponentVisualizers (382)
[2017.08.11-13.28.24:686][518]LogModuleManager: Shutting down and abandoning module DetailCustomizations (380)
[2017.08.11-13.28.24:686][518]LogModuleManager: Shutting down and abandoning module PackagesDialog (378)
[2017.08.11-13.28.24:686][518]LogModuleManager: Shutting down and abandoning module Persona (376)
[2017.08.11-13.28.24:686][518]LogModuleManager: Shutting down and abandoning module AdvancedPreviewScene (375)
[2017.08.11-13.28.24:686][518]LogModuleManager: Shutting down and abandoning module AnimGraph (373)
[2017.08.11-13.28.24:686][518]LogModuleManager: Shutting down and abandoning module Kismet (370)
[2017.08.11-13.28.24:694][518]LogModuleManager: Shutting down and abandoning module ClassViewer (368)
[2017.08.11-13.28.24:695][518]LogModuleManager: Shutting down and abandoning module Toolbox (366)
[2017.08.11-13.28.24:695][518]LogModuleManager: Shutting down and abandoning module ModuleUI (364)
[2017.08.11-13.28.24:695][518]LogModuleManager: Shutting down and abandoning module MovieSceneTools (362)
[2017.08.11-13.28.24:695][518]LogModuleManager: Shutting down and abandoning module OutputLog (360)
[2017.08.11-13.28.24:695][518]LogModuleManager: Shutting down and abandoning module GammaUI (358)
[2017.08.11-13.28.24:695][518]LogModuleManager: Shutting down and abandoning module Documentation (356)
[2017.08.11-13.28.24:695][518]LogModuleManager: Shutting down and abandoning module MovieSceneTracks (354)
[2017.08.11-13.28.24:695][518]LogModuleManager: Shutting down and abandoning module MovieScene (352)
[2017.08.11-13.28.24:695][518]LogModuleManager: Shutting down and abandoning module Niagara (350)
[2017.08.11-13.28.24:695][518]LogModuleManager: Shutting down and abandoning module NiagaraEditor (349)
[2017.08.11-13.28.24:695][518]LogModuleManager: Shutting down and abandoning module StreamingPauseRendering (346)
[2017.08.11-13.28.24:695][518]LogModuleManager: Shutting down and abandoning module AnalyticsET (344)
[2017.08.11-13.28.24:695][518]LogModuleManager: Shutting down and abandoning module PortalServices (342)
[2017.08.11-13.28.24:695][518]LogModuleManager: Shutting down and abandoning module PortalRpc (340)
[2017.08.11-13.28.24:695][518]LogModuleManager: Shutting down and abandoning module MessagingRpc (338)
[2017.08.11-13.28.24:695][518]LogModuleManager: Shutting down and abandoning module AIModule (336)
[2017.08.11-13.28.24:695][518]LogModuleManager: Shutting down and abandoning module GameplayDebugger (335)
[2017.08.11-13.28.24:695][518]LogModuleManager: Shutting down and abandoning module AITestSuite (333)
[2017.08.11-13.28.24:695][518]LogModuleManager: Shutting down and abandoning module ProfilerService (330)
[2017.08.11-13.28.24:827][518]LogModuleManager: Shutting down and abandoning module TaskGraph (328)
[2017.08.11-13.28.24:827][518]LogModuleManager: Shutting down and abandoning module SteamVRController (326)
[2017.08.11-13.28.24:827][518]LogModuleManager: Shutting down and abandoning module SteamVR (324)
[2017.08.11-13.28.24:827][518]LogModuleManager: Shutting down and abandoning module ProceduralMeshComponentEditor (322)
[2017.08.11-13.28.24:827][518]LogModuleManager: Shutting down and abandoning module ProceduralMeshComponent (320)
[2017.08.11-13.28.24:827][518]LogModuleManager: Shutting down and abandoning module OculusLibrary (318)
[2017.08.11-13.28.24:827][518]LogModuleManager: Shutting down and abandoning module OculusInput (316)
[2017.08.11-13.28.24:827][518]LogModuleManager: Shutting down and abandoning module MobilePatchingUtils (314)
[2017.08.11-13.28.24:827][518]LogModuleManager: Shutting down and abandoning module CustomMeshComponent (312)
[2017.08.11-13.28.24:827][518]LogModuleManager: Shutting down and abandoning module CableComponent (310)
[2017.08.11-13.28.24:827][518]LogModuleManager: Shutting down and abandoning module ArchVisCharacter (308)
[2017.08.11-13.28.24:827][518]LogModuleManager: Shutting down and abandoning module AndroidPermission (306)
[2017.08.11-13.28.24:827][518]LogModuleManager: Shutting down and abandoning module MediaPlayerEditor (302)
[2017.08.11-13.28.24:827][518]LogModuleManager: Shutting down and abandoning module HTML5Networking (300)
[2017.08.11-13.28.24:827][518]LogModuleManager: Shutting down and abandoning module AlembicImporter (298)
[2017.08.11-13.28.24:827][518]LogModuleManager: Shutting down and abandoning module AlembicLibrary (297)
[2017.08.11-13.28.24:827][518]LogModuleManager: Shutting down and abandoning module GeometryCache (296)
[2017.08.11-13.28.24:827][518]LogModuleManager: Shutting down and abandoning module GeometryCacheEd (295)
[2017.08.11-13.28.24:827][518]LogModuleManager: Shutting down and abandoning module SuperSearchEditor (290)
[2017.08.11-13.28.24:827][518]LogModuleManager: Shutting down and abandoning module SuperSearch (289)
[2017.08.11-13.28.24:827][518]LogModuleManager: Shutting down and abandoning module SpeedTreeImporter (286)
[2017.08.11-13.28.24:827][518]LogModuleManager: Shutting down and abandoning module PluginBrowser (284)
[2017.08.11-13.28.24:827][518]LogModuleManager: Shutting down and abandoning module MobileLauncherProfileWizard (282)
[2017.08.11-13.28.24:827][518]LogModuleManager: Shutting down and abandoning module VisualStudioSourceCodeAccess (280)
[2017.08.11-13.28.24:827][518]LogModuleManager: Shutting down and abandoning module DesktopPlatform (279)
[2017.08.11-13.28.24:827][518]LogModuleManager: Shutting down and abandoning module UObjectPlugin (276)
[2017.08.11-13.28.24:827][518]LogModuleManager: Shutting down and abandoning module SubversionSourceControl (274)
[2017.08.11-13.28.24:827][518]LogModuleManager: Shutting down and abandoning module PerforceSourceControl (272)
[2017.08.11-13.28.24:827][518]LogModuleManager: Shutting down and abandoning module GitSourceControl (270)
[2017.08.11-13.28.24:827][518]LogModuleManager: Shutting down and abandoning module SourceControl (269)
[2017.08.11-13.28.24:827][518]LogModuleManager: Shutting down and abandoning module LightPropagationVolumeEditor (266)
[2017.08.11-13.28.24:827][518]LogModuleManager: Shutting down and abandoning module PaperTiledImporter (264)
[2017.08.11-13.28.24:827][518]LogModuleManager: Shutting down and abandoning module PaperSpriteSheetImporter (262)
[2017.08.11-13.28.24:827][518]LogModuleManager: Shutting down and abandoning module Paper2DEditor (260)
[2017.08.11-13.28.24:827][518]LogModuleManager: Shutting down and abandoning module MeshPaint (259)
[2017.08.11-13.28.24:827][518]LogModuleManager: Shutting down and abandoning module LevelEditor (257)
[2017.08.11-13.28.24:828][518]LogModuleManager: Shutting down and abandoning module PixelInspectorModule (256)
[2017.08.11-13.28.24:828][518]LogModuleManager: Shutting down and abandoning module MainFrame (254)
[2017.08.11-13.28.24:828][518]LogModuleManager: Shutting down and abandoning module HotReload (253)
[2017.08.11-13.28.24:828][518]LogModuleManager: Shutting down and abandoning module PhysXVehiclesEditor (248)
[2017.08.11-13.28.24:828][518]LogModuleManager: Shutting down and abandoning module PhysXVehicles (246)
[2017.08.11-13.28.24:828][518]LogModuleManager: Shutting down and abandoning module LocationServicesBPLibrary (244)
[2017.08.11-13.28.24:828][518]LogModuleManager: Shutting down and abandoning module ImmediatePhysicsEditor (242)
[2017.08.11-13.28.24:828][518]LogModuleManager: Shutting down and abandoning module ImmediatePhysics (240)
[2017.08.11-13.28.24:828][518]LogModuleManager: Shutting down and abandoning module UdpMessaging (238)
[2017.08.11-13.28.24:929][518]LogModuleManager: Shutting down and abandoning module TcpMessaging (236)
[2017.08.11-13.28.25:076][518]LogModuleManager: Shutting down and abandoning module GameplayTagsEditor (234)
[2017.08.11-13.28.25:076][518]LogModuleManager: Shutting down and abandoning module FacialAnimationEditor (232)
[2017.08.11-13.28.25:076][518]LogModuleManager: Shutting down and abandoning module FacialAnimation (230)
[2017.08.11-13.28.25:076][518]LogModuleManager: Shutting down and abandoning module AssetManagerEditor (228)
[2017.08.11-13.28.25:076][518]LogModuleManager: Shutting down and abandoning module GraphEditor (227)
[2017.08.11-13.28.25:076][518]LogModuleManager: Shutting down and abandoning module ContentBrowser (225)
[2017.08.11-13.28.25:077][518]LogModuleManager: Shutting down and abandoning module LightPropagationVolumeRuntime (222)
[2017.08.11-13.28.25:077][518]LogModuleManager: Shutting down and abandoning module Paper2D (220)
[2017.08.11-13.28.25:077][518]LogModuleManager: Shutting down and abandoning module WindowsMoviePlayer (218)
[2017.08.11-13.28.25:077][518]LogModuleManager: Shutting down and abandoning module WmfMedia (216)
[2017.08.11-13.28.25:077][518]LogModuleManager: Shutting down and abandoning module CorrmSocket (214)
[2017.08.11-13.28.25:077][518]LogModuleManager: Shutting down and abandoning module ClothingSystemEditor (212)
[2017.08.11-13.28.25:077][518]LogModuleManager: Shutting down and abandoning module ClothingSystemRuntime (210)
[2017.08.11-13.28.25:077][518]LogModuleManager: Shutting down and abandoning module MediaAssets (208)
[2017.08.11-13.28.25:077][518]LogModuleManager: Shutting down and abandoning module GameLiveStreaming (206)
[2017.08.11-13.28.25:077][518]LogModuleManager: Shutting down and abandoning module VREditor (204)
[2017.08.11-13.28.25:077][518]LogModuleManager: Shutting down and abandoning module StringTableEditor (202)
[2017.08.11-13.28.25:077][518]LogModuleManager: Shutting down and abandoning module GameplayTasksEditor (200)
[2017.08.11-13.28.25:077][518]LogModuleManager: Shutting down and abandoning module BehaviorTreeEditor (198)
[2017.08.11-13.28.25:077][518]LogModuleManager: Shutting down and abandoning module FunctionalTesting (196)
[2017.08.11-13.28.25:077][518]LogModuleManager: Shutting down and abandoning module CollisionAnalyzer (194)
[2017.08.11-13.28.25:077][518]LogModuleManager: Shutting down and abandoning module UMG (192)
[2017.08.11-13.28.25:077][518]LogModuleManager: Shutting down and abandoning module UMGEditor (191)
[2017.08.11-13.28.25:077][518]LogModuleManager: Shutting down and abandoning module Sequencer (190)
[2017.08.11-13.28.25:078][518]LogModuleManager: Shutting down and abandoning module AssetTools (188)
[2017.08.11-13.28.25:078][518]LogModuleManager: Shutting down and abandoning module MessageLog (187)
[2017.08.11-13.28.25:078][518]LogModuleManager: Shutting down and abandoning module WorkspaceMenuStructure (186)
[2017.08.11-13.28.25:078][518]LogModuleManager: Shutting down and abandoning module SlateReflector (180)
[2017.08.11-13.28.25:078][518]LogModuleManager: Shutting down and abandoning module Slate (178)
[2017.08.11-13.28.25:078][518]LogModuleManager: Shutting down and abandoning module EditorStyle (176)
[2017.08.11-13.28.25:080][518]LogModuleManager: Shutting down and abandoning module SourceCodeAccess (174)
[2017.08.11-13.28.25:080][518]LogModuleManager: Shutting down and abandoning module HeadMountedDisplay (172)
[2017.08.11-13.28.25:080][518]LogModuleManager: Shutting down and abandoning module XAudio2 (170)
[2017.08.11-13.28.25:080][518]LogModuleManager: Shutting down and abandoning module Networking (168)
[2017.08.11-13.28.25:080][518]LogModuleManager: Shutting down and abandoning module Core (164)
[2017.08.11-13.28.25:080][518]LogModuleManager: Shutting down and abandoning module AssetRegistry (162)
[2017.08.11-13.28.25:234][518]LogDirectoryWatcher: A directory notification for '../../../Engine/Content/' was aborted.
[2017.08.11-13.28.25:234][518]LogDirectoryWatcher: A directory notification for 'C:/Users/CorrM/Documents/Unreal Projects/tcp_listener/Content/' was aborted.
[2017.08.11-13.28.25:234][518]LogDirectoryWatcher: A directory notification for '../../../Engine/Plugins/2D/Paper2D/Content/' was aborted.
[2017.08.11-13.28.25:234][518]LogDirectoryWatcher: A directory notification for '../../../Engine/Plugins/Runtime/GearVR/Content/' was aborted.
[2017.08.11-13.28.25:235][518]LogModuleManager: Shutting down and abandoning module DirectoryWatcher (161)
[2017.08.11-13.28.25:236][518]LogModuleManager: Shutting down and abandoning module KismetCompiler (158)
[2017.08.11-13.28.25:236][518]LogModuleManager: Shutting down and abandoning module LevelSequence (156)
[2017.08.11-13.28.25:236][518]LogModuleManager: Shutting down and abandoning module PhysXFormats (154)
[2017.08.11-13.28.25:236][518]LogModuleManager: Shutting down and abandoning module MeshUtilities (152)
[2017.08.11-13.28.25:236][518]LogModuleManager: Shutting down and abandoning module SimplygonSwarm (151)
[2017.08.11-13.28.25:236][518]LogModuleManager: Shutting down and abandoning module SimplygonMeshReduction (149)
[2017.08.11-13.28.25:236][518]LogModuleManager: Shutting down and abandoning module QuadricMeshReduction (147)
[2017.08.11-13.28.25:236][518]LogModuleManager: Shutting down and abandoning module DerivedDataCache (144)
[2017.08.11-13.28.25:262][518]LogDerivedDataCache: Shutdown
[2017.08.11-13.28.25:262][518]LogModuleManager: Shutting down and abandoning module TargetPlatform (142)
[2017.08.11-13.28.25:262][518]LogModuleManager: Shutting down and abandoning module VulkanShaderFormat (141)
[2017.08.11-13.28.25:262][518]LogModuleManager: Shutting down and abandoning module ShaderFormatVectorVM (139)
[2017.08.11-13.28.25:262][518]LogModuleManager: Shutting down and abandoning module ShaderFormatOpenGL (137)
[2017.08.11-13.28.25:262][518]LogModuleManager: Shutting down and abandoning module ShaderFormatD3D (135)
[2017.08.11-13.28.25:262][518]LogModuleManager: Shutting down and abandoning module MetalShaderFormat (133)
[2017.08.11-13.28.25:262][518]LogModuleManager: Shutting down and abandoning module TextureFormatUncompressed (131)
[2017.08.11-13.28.25:262][518]LogModuleManager: Shutting down and abandoning module TextureFormatPVR (129)
[2017.08.11-13.28.25:262][518]LogModuleManager: Shutting down and abandoning module TextureFormatDXT (127)
[2017.08.11-13.28.25:262][518]LogModuleManager: Shutting down and abandoning module TextureFormatIntelISPCTexComp (125)
[2017.08.11-13.28.25:262][518]LogModuleManager: Shutting down and abandoning module TextureFormatASTC (123)
[2017.08.11-13.28.25:262][518]LogModuleManager: Shutting down and abandoning module ImageWrapper (122)
[2017.08.11-13.28.25:262][518]LogModuleManager: Shutting down and abandoning module TextureFormatAndroid (119)
[2017.08.11-13.28.25:262][518]LogModuleManager: Shutting down and abandoning module AudioFormatOpus (117)
[2017.08.11-13.28.25:262][518]LogModuleManager: Shutting down and abandoning module AudioFormatOgg (115)
[2017.08.11-13.28.25:262][518]LogModuleManager: Shutting down and abandoning module AudioFormatADPCM (113)
[2017.08.11-13.28.25:262][518]LogModuleManager: Shutting down and abandoning module LinuxTargetPlatform (111)
[2017.08.11-13.28.25:262][518]LogModuleManager: Shutting down and abandoning module LinuxServerTargetPlatform (109)
[2017.08.11-13.28.25:262][518]LogModuleManager: Shutting down and abandoning module LinuxNoEditorTargetPlatform (107)
[2017.08.11-13.28.25:262][518]LogModuleManager: Shutting down and abandoning module LinuxClientTargetPlatform (105)
[2017.08.11-13.28.25:262][518]LogModuleManager: Shutting down and abandoning module TVOSTargetPlatform (103)
[2017.08.11-13.28.25:262][518]LogModuleManager: Shutting down and abandoning module Messaging (101)
[2017.08.11-13.28.25:262][518]LogModuleManager: Shutting down and abandoning module IOSTargetPlatform (99)
[2017.08.11-13.28.25:262][518]LogModuleManager: Shutting down and abandoning module HTML5TargetPlatform (97)
[2017.08.11-13.28.25:262][518]LogModuleManager: Shutting down and abandoning module Android_PVRTCTargetPlatform (95)
[2017.08.11-13.28.25:262][518]LogModuleManager: Shutting down and abandoning module Android_MultiTargetPlatform (93)
[2017.08.11-13.28.25:262][518]LogModuleManager: Shutting down and abandoning module Android_ETC2TargetPlatform (91)
[2017.08.11-13.28.25:262][518]LogModuleManager: Shutting down and abandoning module Android_ETC1TargetPlatform (89)
[2017.08.11-13.28.25:262][518]LogModuleManager: Shutting down and abandoning module Android_DXTTargetPlatform (87)
[2017.08.11-13.28.25:262][518]LogModuleManager: Shutting down and abandoning module Android_ATCTargetPlatform (85)
[2017.08.11-13.28.25:262][518]LogModuleManager: Shutting down and abandoning module Android_ASTCTargetPlatform (83)
[2017.08.11-13.28.25:262][518]LogModuleManager: Shutting down and abandoning module AndroidTargetPlatform (81)
[2017.08.11-13.28.25:262][518]LogModuleManager: Shutting down and abandoning module WindowsTargetPlatform (79)
[2017.08.11-13.28.25:262][518]LogModuleManager: Shutting down and abandoning module WindowsServerTargetPlatform (77)
[2017.08.11-13.28.25:262][518]LogModuleManager: Shutting down and abandoning module WindowsNoEditorTargetPlatform (75)
[2017.08.11-13.28.25:262][518]LogModuleManager: Shutting down and abandoning module WindowsClientTargetPlatform (73)
[2017.08.11-13.28.25:262][518]LogModuleManager: Shutting down and abandoning module MacTargetPlatform (71)
[2017.08.11-13.28.25:262][518]LogModuleManager: Shutting down and abandoning module MacServerTargetPlatform (69)
[2017.08.11-13.28.25:262][518]LogModuleManager: Shutting down and abandoning module MacNoEditorTargetPlatform (67)
[2017.08.11-13.28.25:262][518]LogModuleManager: Shutting down and abandoning module MacClientTargetPlatform (65)
[2017.08.11-13.28.25:262][518]LogModuleManager: Shutting down and abandoning module AllDesktopTargetPlatform (63)
[2017.08.11-13.28.25:262][518]LogModuleManager: Shutting down and abandoning module InputCore (60)
[2017.08.11-13.28.25:262][518]LogModuleManager: Shutting down and abandoning module Settings (58)
[2017.08.11-13.28.25:262][518]LogModuleManager: Shutting down and abandoning module OculusRift (56)
[2017.08.11-13.28.25:262][518]LogModuleManager: Shutting down and abandoning module GearVRController (54)
[2017.08.11-13.28.25:262][518]LogModuleManager: Shutting down and abandoning module GearVR (52)
[2017.08.11-13.28.25:262][518]LogModuleManager: Shutting down and abandoning module ExampleDeviceProfileSelector (50)
[2017.08.11-13.28.25:262][518]LogModuleManager: Shutting down and abandoning module OnlineBlueprintSupport (48)
[2017.08.11-13.28.25:262][518]LogModuleManager: Shutting down and abandoning module OnlineSubsystem (44)
[2017.08.11-13.28.25:262][518]LogOnline:Display: Unloading online subsystem: NULL
[2017.08.11-13.28.25:262][518]LogModuleManager: Shutting down and abandoning module XMPP (43)
[2017.08.11-13.28.25:262][518]LogModuleManager: Shutting down and abandoning module HTTP (41)
[2017.08.11-13.28.25:262][518]LogHttp:Display: Http module shutting down, but needs to wait on 1 outstanding Http requests:
[2017.08.11-13.28.25:263][518]LogHttp:Display: 	verb=[POST] url=[https://datarouter.ol.epicgames.com/datarouter/api/v1/public/data?SessionID=%7BE59C05B2-4901-DCBB-4FBB-A2AEB5A6700A%7D&AppID=UEEditor.Rocket.Release&AppVersion=4.16.3-3561208%2B%2B%2BUE4%2BRelease-4.16&UserID=b04aa05b472d2d38209530bfeeae38d7%7C3ba997e8f8c44c5893816d65f1ae32d2%7C87ddd821-57a9-47e0-92da-03c6288c2327&AppEnvironment=datacollector-binary&UploadType=eteventstream] status=Processing
[2017.08.11-13.28.25:263][518]LogHttp:Display: Sleeping 0.5s to wait for 1 outstanding Http requests.
[2017.08.11-13.28.25:763][518]LogHttp:Display: Sleeping 0.5s to wait for 1 outstanding Http requests.
[2017.08.11-13.28.26:263][518]LogHttp:Display: Sleeping 0.5s to wait for 1 outstanding Http requests.
[2017.08.11-13.28.26:764][518]LogHttp:Display: Sleeping 0.5s to wait for 1 outstanding Http requests.
[2017.08.11-13.28.27:264][518]LogHttp:Display: Sleeping 0.5s to wait for 1 outstanding Http requests.
[2017.08.11-13.28.27:764][518]LogHttp:Display: Sleeping 0.5s to wait for 1 outstanding Http requests.
[2017.08.11-13.28.28:265][518]LogHttp:Display: Sleeping 0.5s to wait for 1 outstanding Http requests.
[2017.08.11-13.28.28:765][518]LogHttp:Display: Sleeping 0.5s to wait for 1 outstanding Http requests.
[2017.08.11-13.28.29:266][518]LogHttp:Display: Sleeping 0.5s to wait for 1 outstanding Http requests.
[2017.08.11-13.28.29:766][518]LogHttp:Display: Sleeping 0.5s to wait for 1 outstanding Http requests.
[2017.08.11-13.28.30:266][518]LogHttp:Display: Sleeping 0.5s to wait for 1 outstanding Http requests.
[2017.08.11-13.28.30:790][518]LogModuleManager: Shutting down and abandoning module SSL (40)
[2017.08.11-13.28.30:791][518]LogModuleManager: Shutting down and abandoning module HTTPChunkInstaller (36)
[2017.08.11-13.28.30:792][518]LogModuleManager: Shutting down and abandoning module AnimationModifiers (34)
[2017.08.11-13.28.30:792][518]LogModuleManager: Shutting down and abandoning module PropertyEditor (33)
[2017.08.11-13.28.30:792][518]LogModuleManager: Shutting down and abandoning module AudioEditor (30)
[2017.08.11-13.28.30:792][518]LogModuleManager: Shutting down and abandoning module TextureCompressor (28)
[2017.08.11-13.28.30:792][518]LogModuleManager: Shutting down and abandoning module ShaderCore (26)
[2017.08.11-13.28.30:792][518]LogModuleManager: Shutting down and abandoning module Landscape (24)
[2017.08.11-13.28.30:792][518]LogModuleManager: Shutting down and abandoning module SlateRHIRenderer (22)
[2017.08.11-13.28.30:793][518]LogModuleManager: Shutting down and abandoning module OpenGLDrv (20)
[2017.08.11-13.28.30:793][518]LogModuleManager: Shutting down and abandoning module D3D11RHI (18)
[2017.08.11-13.28.30:793][518]LogModuleManager: Shutting down and abandoning module AnimGraphRuntime (16)
[2017.08.11-13.28.30:793][518]LogModuleManager: Shutting down and abandoning module Renderer (14)
[2017.08.11-13.28.30:793][518]LogModuleManager: Shutting down and abandoning module Engine (12)
[2017.08.11-13.28.30:793][518]LogModuleManager: Shutting down and abandoning module CoreUObject (10)
[2017.08.11-13.28.30:793][518]LogModuleManager: Shutting down and abandoning module NetworkFile (8)
[2017.08.11-13.28.30:793][518]LogModuleManager: Shutting down and abandoning module StreamingFile (6)
[2017.08.11-13.28.30:793][518]LogModuleManager: Shutting down and abandoning module SandboxFile (4)
[2017.08.11-13.28.30:793][518]LogModuleManager: Shutting down and abandoning module PakFile (2)
[2017.08.11-13.28.30:794][518]LogExit: Exiting.
[2017.08.11-13.28.30:802][518]Log file closed, 08/11/17 15:28:30
